[INFO] 12:44:11:173 CONSOLA/(11351:11351): Aca se loggea consola
[INFO] 12:46:10:625 CONSOLA/(11620:11620): Aca se loggea consola
[INFO] 12:59:23:953 CONSOLA/(13257:13257): Aca se loggea consola
[INFO] 13:12:58:917 CONSOLA/(14763:14763): Aca se loggea consola
[INFO] 13:13:34:791 CONSOLA/(14827:14827): Aca se loggea consola
[INFO] 13:15:46:484 CONSOLA/(15066:15066): Aca se loggea consola
[INFO] 15:33:20:410 CONSOLA/(24699:24699): Aca se loggea consola
[INFO] 18:53:40:738 CONSOLA/(7779:7779): Aca se loggea consola
[INFO] 19:32:45:388 CONSOLA/(13021:13021): Aca se loggea consola
[INFO] 15:35:54:372 CONSOLA/(8606:8606): aaa
[ERROR] 12:54:19:013 CONSOLA/(4815:4815): No se lee el archivo
[ERROR] 12:54:41:576 CONSOLA/(4896:4896): No se lee el archivo
[ERROR] 12:55:36:181 CONSOLA/(5014:5014): No se lee el archivo
[ERROR] 12:57:07:254 CONSOLA/(5188:5188): No se lee el archivo
[ERROR] 13:04:44:649 CONSOLA/(5924:5924): Falta un parametro
[ERROR] 13:09:10:698 CONSOLA/(6345:6345): No se lee el archivo
[ERROR] 13:10:03:579 CONSOLA/(6430:6430): No se lee el archivo
[ERROR] 13:16:24:415 CONSOLA/(7000:7000): No se lee el archivo
[ERROR] 13:17:21:559 CONSOLA/(7109:7109): No se lee el archivo
[INFO] 13:22:20:588 CONSOLA/(7578:7578): 2
[INFO] 13:23:22:490 CONSOLA/(7693:7693): /home/utnso/tp-2022-1c-T.Rex/pseudocodigo
[INFO] 13:24:32:498 CONSOLA/(7856:7856): Se leyo el archivo correctamente
[INFO] 13:25:10:440 CONSOLA/(7940:7940): Se leyo el archivo correctamente
[INFO] 13:25:10:448 CONSOLA/(7940:7940): NO_OP 5

[INFO] 13:25:10:448 CONSOLA/(7940:7940): EXIT
[INFO] 13:26:30:718 CONSOLA/(8097:8097): Se leyo el archivo correctamente
[INFO] 13:26:30:719 CONSOLA/(8097:8097): NO_OP 5

[INFO] 13:26:30:719 CONSOLA/(8097:8097): EXIT
[INFO] 13:26:30:720 CONSOLA/(8097:8097): EXIT
[INFO] 13:29:18:369 CONSOLA/(8388:8388): Se leyo el archivo correctamente
[INFO] 13:29:18:369 CONSOLA/(8388:8388): NO_OP 5

[INFO] 13:30:27:031 CONSOLA/(8548:8548): Se leyo el archivo correctamente
[INFO] 13:30:27:031 CONSOLA/(8548:8548): NO_OP 5

[INFO] 13:31:35:786 CONSOLA/(8683:8683): Se leyo el archivo correctamente
[INFO] 13:31:35:800 CONSOLA/(8683:8683): NO_OP 5

[INFO] 13:31:35:800 CONSOLA/(8683:8683): EXIT
[INFO] 18:01:33:579 CONSOLA/(3533:3533): Se leyo el archivo correctamente
[INFO] 18:01:33:603 CONSOLA/(3533:3533): NO_OP 5

[INFO] 18:01:33:604 CONSOLA/(3533:3533): EXIT
[INFO] 18:02:29:610 CONSOLA/(3673:3673): Se leyo el archivo correctamente
[INFO] 18:02:29:611 CONSOLA/(3673:3673): NO_OP 5

[INFO] 18:02:29:611 CONSOLA/(3673:3673): EXIT
[INFO] 18:03:27:856 CONSOLA/(3795:3795): Se leyo el archivo correctamente
[INFO] 18:03:27:863 CONSOLA/(3795:3795): NO_OP 5

[INFO] 18:03:27:863 CONSOLA/(3795:3795): EXIT
[INFO] 18:21:05:012 CONSOLA/(5405:5405): Se leyo el archivo correctamente
[INFO] 18:21:05:017 CONSOLA/(5405:5405): NO_OP 5

[INFO] 18:21:05:019 CONSOLA/(5405:5405): EXIT
[INFO] 18:21:05:019 CONSOLA/(5405:5405): EXIT
[INFO] 18:21:05:019 CONSOLA/(5405:5405): EXIT
[INFO] 18:21:31:465 CONSOLA/(5470:5470): Se leyo el archivo correctamente
[INFO] 18:21:31:466 CONSOLA/(5470:5470): EXIT
[INFO] 18:21:31:466 CONSOLA/(5470:5470): EXIT
[INFO] 18:22:45:000 CONSOLA/(5609:5609): Se leyo el archivo correctamente
[INFO] 18:22:45:001 CONSOLA/(5609:5609): EXIT
[INFO] 18:22:45:001 CONSOLA/(5609:5609): EXIT
[INFO] 18:23:55:279 CONSOLA/(5734:5734): Se leyo el archivo correctamente
[INFO] 18:23:55:281 CONSOLA/(5734:5734): EXIT
[INFO] 18:24:12:732 CONSOLA/(5785:5785): Se leyo el archivo correctamente
[INFO] 18:24:12:735 CONSOLA/(5785:5785): EXIT
[INFO] 18:28:47:427 CONSOLA/(6277:6277): Se leyo el archivo correctamente
[INFO] 18:28:47:428 CONSOLA/(6277:6277): > NO_OP 5

[INFO] 18:28:47:428 CONSOLA/(6277:6277): > EXIT

[INFO] 18:29:43:799 CONSOLA/(6406:6406): Se leyo el archivo correctamente
[INFO] 18:29:43:799 CONSOLA/(6406:6406): EXIT
[INFO] 18:30:10:595 CONSOLA/(6474:6474): Se leyo el archivo correctamente
[INFO] 18:30:10:596 CONSOLA/(6474:6474): EXIT
[INFO] 18:30:19:287 CONSOLA/(6513:6513): Se leyo el archivo correctamente
[INFO] 18:31:02:031 CONSOLA/(6609:6609): Se leyo el archivo correctamente
[INFO] 18:31:02:032 CONSOLA/(6609:6609): EXIT
[INFO] 18:32:39:422 CONSOLA/(6794:6794): Se leyo el archivo correctamente
[INFO] 18:32:39:422 CONSOLA/(6794:6794): EXIT
[INFO] 18:33:17:698 CONSOLA/(6877:6877): Se leyo el archivo correctamente
[INFO] 18:33:17:703 CONSOLA/(6877:6877): NO_OP 5
[INFO] 18:33:17:703 CONSOLA/(6877:6877): EXIT
[INFO] 18:35:37:157 CONSOLA/(7158:7158): Se leyo el archivo correctamente
[INFO] 18:35:51:549 CONSOLA/(7207:7207): Se leyo el archivo correctamente
[INFO] 18:35:51:559 CONSOLA/(7207:7207): EXIT
[INFO] 18:43:01:204 CONSOLA/(7527:7527): Se leyo el archivo correctamente
[INFO] 18:43:01:204 CONSOLA/(7527:7527): EXIT
[INFO] 18:46:26:640 CONSOLA/(8114:8114): Se leyo el archivo correctamente
[INFO] 18:52:28:338 CONSOLA/(8813:8813): Se leyo el archivo correctamente
[INFO] 18:52:28:344 CONSOLA/(8813:8813): EXIT
[INFO] 18:52:54:460 CONSOLA/(8887:8887): Se leyo el archivo correctamente
[INFO] 18:52:54:467 CONSOLA/(8887:8887): EXIT
[INFO] 18:53:08:639 CONSOLA/(8937:8937): Se leyo el archivo correctamente
