[INFO] 16:32:37:773 MEMORIA/(23521:23521): Memoria lista para recibir a Cpu o Kernel
[INFO] 16:32:40:823 MEMORIA/(23521:23521): Se conecto un cliente!
[INFO] 16:32:40:824 MEMORIA/(23521:23521): Me llego el mensaje Dame el tamanio de pag y entradas por tabla
[INFO] 16:32:40:824 MEMORIA/(23521:23521): Envio el tamanio de pag y cant entradas
[INFO] 16:32:40:825 MEMORIA/(23521:23521): Me llego el nroTabla1erNivel 0 y con la entrada 0
[INFO] 16:32:40:825 MEMORIA/(23521:23521): Envio el numero de tabla de 2do nivel
[INFO] 16:32:40:825 MEMORIA/(23521:23521): Me llego  la entrada de segundo nivel 0
[INFO] 16:32:40:825 MEMORIA/(23521:23521): Envio el marco correspondiente el cual es 0
[INFO] 16:32:41:825 MEMORIA/(23521:23521): Me llego el marco 0 con desplazamiento 0
[INFO] 16:32:41:864 MEMORIA/(23521:23521): Me llego el valor a escribir: 12
[INFO] 16:32:41:866 MEMORIA/(23521:23521): Numero leido: 12
[INFO] 16:32:41:866 MEMORIA/(23521:23521): Fin de memoria
[INFO] 17:08:32:727 MEMORIA/(25415:25415): Memoria lista para recibir a Cpu o Kernel
[INFO] 17:08:37:942 MEMORIA/(25415:25415): Se conecto un cliente!
[INFO] 17:08:37:943 MEMORIA/(25415:25415): Me llego el mensaje Dame el tamanio de pag y entradas por tabla
[INFO] 17:08:37:943 MEMORIA/(25415:25415): Envio el tamanio de pag y cant entradas
[INFO] 17:08:37:943 MEMORIA/(25415:25415): Me llego el nroTabla1erNivel 0 y con la entrada 0
[INFO] 17:08:37:944 MEMORIA/(25415:25415): Envio el numero de tabla de 2do nivel
[INFO] 17:08:37:944 MEMORIA/(25415:25415): Me llego  la entrada de segundo nivel 0
[INFO] 17:08:37:944 MEMORIA/(25415:25415): Envio el marco correspondiente el cual es 0
[INFO] 17:08:38:945 MEMORIA/(25415:25415): Me llego el marco 0 con desplazamiento 0
[INFO] 17:08:38:985 MEMORIA/(25415:25415): Me llego el valor a escribir: 12
[INFO] 17:08:38:986 MEMORIA/(25415:25415): Fin de memoria
[INFO] 17:10:25:439 MEMORIA/(25531:25531): Memoria lista para recibir a Cpu o Kernel
[INFO] 17:10:31:232 MEMORIA/(25531:25531): Se conecto un cliente!
[INFO] 17:10:31:233 MEMORIA/(25531:25531): Me llego el mensaje Dame el tamanio de pag y entradas por tabla
[INFO] 17:10:31:233 MEMORIA/(25531:25531): Envio el tamanio de pag y cant entradas
[INFO] 17:10:31:234 MEMORIA/(25531:25531): Me llego el nroTabla1erNivel 0 y con la entrada 0
[INFO] 17:10:31:234 MEMORIA/(25531:25531): Envio el numero de tabla de 2do nivel
[INFO] 17:10:31:234 MEMORIA/(25531:25531): Me llego  la entrada de segundo nivel 0
[INFO] 17:10:31:234 MEMORIA/(25531:25531): Envio el marco correspondiente el cual es 0
[INFO] 17:10:32:235 MEMORIA/(25531:25531): Me llego el marco 0 con desplazamiento 0
[INFO] 17:10:32:276 MEMORIA/(25531:25531): Me llego el valor a escribir: 12
[INFO] 17:10:32:278 MEMORIA/(25531:25531): Fin de memoria
[INFO] 17:12:04:189 MEMORIA/(25667:25667): Memoria lista para recibir a Cpu o Kernel
[INFO] 17:12:08:151 MEMORIA/(25667:25667): Se conecto un cliente!
[INFO] 17:12:08:151 MEMORIA/(25667:25667): Me llego el mensaje Dame el tamanio de pag y entradas por tabla
[INFO] 17:12:08:151 MEMORIA/(25667:25667): Envio el tamanio de pag y cant entradas
[INFO] 17:12:08:152 MEMORIA/(25667:25667): Me llego el nroTabla1erNivel 0 y con la entrada 0
[INFO] 17:12:08:152 MEMORIA/(25667:25667): Envio el numero de tabla de 2do nivel
[INFO] 17:12:08:152 MEMORIA/(25667:25667): Me llego  la entrada de segundo nivel 0
[INFO] 17:12:08:152 MEMORIA/(25667:25667): Envio el marco correspondiente el cual es 0
[INFO] 17:12:09:153 MEMORIA/(25667:25667): Me llego el marco 0 con desplazamiento 0
[INFO] 17:12:09:192 MEMORIA/(25667:25667): Me llego el valor a escribir: 12
[ERROR] 17:12:09:193 MEMORIA/(25667:25667): Se desconecto el cliente. Terminando conexion
[INFO] 17:12:09:193 MEMORIA/(25667:25667): Fin de memoria
[INFO] 17:13:36:621 MEMORIA/(25811:25811): Memoria lista para recibir a Cpu o Kernel
[INFO] 17:13:41:947 MEMORIA/(25811:25811): Se conecto un cliente!
[INFO] 17:13:41:947 MEMORIA/(25811:25811): Me llego el mensaje Dame el tamanio de pag y entradas por tabla
[INFO] 17:13:41:947 MEMORIA/(25811:25811): Envio el tamanio de pag y cant entradas
[INFO] 17:13:41:948 MEMORIA/(25811:25811): Me llego el nroTabla1erNivel 0 y con la entrada 0
[INFO] 17:13:41:948 MEMORIA/(25811:25811): Envio el numero de tabla de 2do nivel
[INFO] 17:13:41:949 MEMORIA/(25811:25811): Me llego  la entrada de segundo nivel 0
[INFO] 17:13:41:949 MEMORIA/(25811:25811): Envio el marco correspondiente el cual es 0
[INFO] 17:13:42:949 MEMORIA/(25811:25811): Me llego el marco 0 con desplazamiento 0
[INFO] 17:13:42:988 MEMORIA/(25811:25811): Me llego el valor a escribir: 12
[INFO] 17:13:42:989 MEMORIA/(25811:25811): Fin de memoria
[INFO] 17:14:43:137 MEMORIA/(25934:25934): Memoria lista para recibir a Cpu o Kernel
[INFO] 17:14:46:248 MEMORIA/(25934:25934): Se conecto un cliente!
[INFO] 17:14:46:253 MEMORIA/(25934:25934): Me llego el mensaje Dame el tamanio de pag y entradas por tabla
[INFO] 17:14:46:253 MEMORIA/(25934:25934): Envio el tamanio de pag y cant entradas
[INFO] 17:14:46:255 MEMORIA/(25934:25934): Me llego el nroTabla1erNivel 0 y con la entrada 0
[INFO] 17:14:46:255 MEMORIA/(25934:25934): Envio el numero de tabla de 2do nivel
[INFO] 17:14:46:256 MEMORIA/(25934:25934): Me llego  la entrada de segundo nivel 0
[INFO] 17:14:46:256 MEMORIA/(25934:25934): Envio el marco correspondiente el cual es 0
[INFO] 17:14:47:261 MEMORIA/(25934:25934): Me llego el marco 0 con desplazamiento 0
[INFO] 17:14:47:300 MEMORIA/(25934:25934): Me llego el valor a escribir: 12
[INFO] 17:14:47:302 MEMORIA/(25934:25934): Me llego el marco 0 con desplazamiento 0
[INFO] 17:14:47:302 MEMORIA/(25934:25934): Valor leido: 12
[ERROR] 17:14:47:302 MEMORIA/(25934:25934): Se desconecto el cliente. Terminando conexion
[INFO] 17:14:47:302 MEMORIA/(25934:25934): Fin de memoria
[INFO] 17:16:59:189 MEMORIA/(26074:26074): Memoria lista para recibir a Cpu o Kernel
[INFO] 17:17:26:101 MEMORIA/(26074:26074): Se conecto un cliente!
[INFO] 17:17:26:101 MEMORIA/(26074:26074): Me llego el mensaje Dame el tamanio de pag y entradas por tabla
[INFO] 17:17:26:101 MEMORIA/(26074:26074): Envio el tamanio de pag y cant entradas
[INFO] 17:17:32:364 MEMORIA/(26074:26074): Me llego el nroTabla1erNivel 0 y con la entrada 0
[INFO] 17:17:32:364 MEMORIA/(26074:26074): Envio el numero de tabla de 2do nivel
[INFO] 17:17:32:364 MEMORIA/(26074:26074): Me llego  la entrada de segundo nivel 0
[INFO] 17:17:32:364 MEMORIA/(26074:26074): Envio el marco correspondiente el cual es 0
[INFO] 17:17:33:364 MEMORIA/(26074:26074): Me llego el marco 0 con desplazamiento 0
[INFO] 17:17:33:401 MEMORIA/(26074:26074): Me llego el valor a escribir: 12
[INFO] 17:18:57:072 MEMORIA/(26074:26074): Me llego el marco 0 con desplazamiento 0
[INFO] 17:18:57:072 MEMORIA/(26074:26074): Valor leido: 12
[ERROR] 17:19:27:593 MEMORIA/(26074:26074): Se desconecto el cliente. Terminando conexion
[INFO] 17:19:27:593 MEMORIA/(26074:26074): Fin de memoria
[INFO] 17:20:05:182 MEMORIA/(26318:26318): Memoria lista para recibir a Cpu o Kernel
[INFO] 17:20:08:753 MEMORIA/(26318:26318): Se conecto un cliente!
[INFO] 17:20:08:754 MEMORIA/(26318:26318): Me llego el mensaje Dame el tamanio de pag y entradas por tabla
[INFO] 17:20:08:754 MEMORIA/(26318:26318): Envio el tamanio de pag y cant entradas
[INFO] 17:20:08:755 MEMORIA/(26318:26318): Me llego el nroTabla1erNivel 0 y con la entrada 0
[INFO] 17:20:08:755 MEMORIA/(26318:26318): Envio el numero de tabla de 2do nivel
[INFO] 17:20:08:755 MEMORIA/(26318:26318): Me llego  la entrada de segundo nivel 0
[INFO] 17:20:08:756 MEMORIA/(26318:26318): Envio el marco correspondiente el cual es 0
[INFO] 17:20:09:757 MEMORIA/(26318:26318): Me llego el marco 0 con desplazamiento 0
[INFO] 17:20:09:797 MEMORIA/(26318:26318): Me llego el valor a escribir: 12
[INFO] 17:20:09:798 MEMORIA/(26318:26318): Me llego el marco 0 con desplazamiento 0
[INFO] 17:20:09:798 MEMORIA/(26318:26318): Valor leido: 12
[ERROR] 17:20:09:798 MEMORIA/(26318:26318): Se desconecto el cliente. Terminando conexion
[INFO] 17:20:09:800 MEMORIA/(26318:26318): Fin de memoria
[INFO] 18:20:40:628 MEMORIA/(29442:29442): Memoria lista para recibir a Cpu o Kernel
[INFO] 18:21:01:424 MEMORIA/(29442:29442): Se conecto un cliente!
[INFO] 18:21:09:374 MEMORIA/(29442:29442): Me llego el mensaje Dame el tamanio de pag y entradas por tabla
[INFO] 18:21:09:948 MEMORIA/(29442:29442): Envio el tamanio de pag y cant entradas
[INFO] 18:21:14:443 MEMORIA/(29442:29442): Me llego el nroTabla1erNivel 0 y con la entrada 0
[INFO] 18:21:15:283 MEMORIA/(29442:29442): Envio el numero de tabla de 2do nivel
[INFO] 18:21:23:911 MEMORIA/(29442:29442): Me llego  la entrada de segundo nivel 0
[INFO] 18:21:24:914 MEMORIA/(29442:29442): Envio el marco correspondiente el cual es 0
[INFO] 18:21:38:497 MEMORIA/(29442:29442): Me llego el marco 0 con desplazamiento 0
[INFO] 18:21:52:570 MEMORIA/(29442:29442): Me llego el valor a escribir: 12
[INFO] 18:22:51:596 MEMORIA/(29442:29442): Me llego el marco 0 con desplazamiento 0
[INFO] 18:23:48:995 MEMORIA/(29442:29442): Valor leido: 12
[ERROR] 18:24:14:301 MEMORIA/(29442:29442): Se desconecto el cliente. Terminando conexion
[INFO] 18:26:51:080 MEMORIA/(29908:29908): Memoria lista para recibir a Cpu o Kernel
[INFO] 18:26:55:900 MEMORIA/(29908:29908): Se conecto un cliente!
[INFO] 18:26:55:901 MEMORIA/(29908:29908): Me llego el mensaje Dame el tamanio de pag y entradas por tabla
[INFO] 18:26:55:901 MEMORIA/(29908:29908): Envio el tamanio de pag y cant entradas
[INFO] 18:26:55:901 MEMORIA/(29908:29908): Me llego el nroTabla1erNivel 0 y con la entrada 0
[INFO] 18:26:55:901 MEMORIA/(29908:29908): Envio el numero de tabla de 2do nivel
[INFO] 18:26:55:902 MEMORIA/(29908:29908): Me llego  la entrada de segundo nivel 0
[INFO] 18:26:55:902 MEMORIA/(29908:29908): Envio el marco correspondiente el cual es 0
[INFO] 18:26:56:902 MEMORIA/(29908:29908): Me llego el marco 0 con desplazamiento 0
[INFO] 18:26:56:940 MEMORIA/(29908:29908): Me llego el valor a escribir: 12
[INFO] 18:26:56:941 MEMORIA/(29908:29908): Me llego el marco 0 con desplazamiento 0
[INFO] 18:26:56:941 MEMORIA/(29908:29908): Valor leido: 12
[ERROR] 18:26:56:942 MEMORIA/(29908:29908): Se desconecto el cliente. Terminando conexion
[INFO] 18:26:56:943 MEMORIA/(29908:29908): Fin de memoria
[INFO] 20:08:03:455 MEMORIA/(2000:2000): Memoria lista para recibir a Cpu o Kernel
[INFO] 20:08:07:461 MEMORIA/(2000:2000): Se conecto un cliente!
[INFO] 20:08:07:462 MEMORIA/(2000:2000): Me llego el mensaje Dame el tamanio de pag y entradas por tabla
[INFO] 20:08:07:462 MEMORIA/(2000:2000): Envio el tamanio de pag y cant entradas
[INFO] 20:08:07:463 MEMORIA/(2000:2000): Me llego el nroTabla1erNivel 0 y con la entrada 0
[INFO] 20:08:07:463 MEMORIA/(2000:2000): Envio el numero de tabla de 2do nivel
[INFO] 20:08:07:468 MEMORIA/(2000:2000): Me llego  la entrada de segundo nivel 0
[INFO] 20:08:07:469 MEMORIA/(2000:2000): Envio el marco correspondiente el cual es 0
[INFO] 20:08:08:470 MEMORIA/(2000:2000): Me llego el marco 0 con desplazamiento 0
[INFO] 20:08:08:511 MEMORIA/(2000:2000): Me llego el valor a escribir: 12
[INFO] 20:08:08:512 MEMORIA/(2000:2000): Me llego el marco 0 con desplazamiento 0
[INFO] 20:08:08:512 MEMORIA/(2000:2000): Valor leido: 12
[INFO] 20:08:08:549 MEMORIA/(2000:2000): Me llego el nroTabla1erNivel 0 y con la entrada 0
[INFO] 20:10:53:852 MEMORIA/(2160:2160): Memoria lista para recibir a Cpu o Kernel
[INFO] 20:14:22:688 MEMORIA/(2160:2160): Se conecto un cliente!
[INFO] 20:14:22:713 MEMORIA/(2160:2160): Me llego el mensaje Dame el tamanio de pag y entradas por tabla
[INFO] 20:14:22:713 MEMORIA/(2160:2160): Envio el tamanio de pag y cant entradas
[INFO] 20:14:22:713 MEMORIA/(2160:2160): Me llego el nroTabla1erNivel 0 y con la entrada 0
[INFO] 20:14:22:713 MEMORIA/(2160:2160): Envio el numero de tabla de 2do nivel
[INFO] 20:14:22:714 MEMORIA/(2160:2160): Me llego  la entrada de segundo nivel 0
[INFO] 20:14:22:714 MEMORIA/(2160:2160): Envio el marco correspondiente el cual es 0
[INFO] 20:14:23:715 MEMORIA/(2160:2160): Me llego el marco 0 con desplazamiento 0
[INFO] 20:14:23:753 MEMORIA/(2160:2160): Me llego el valor a escribir: 12
[INFO] 20:14:23:754 MEMORIA/(2160:2160): Me llego el marco 0 con desplazamiento 0
[INFO] 20:14:23:754 MEMORIA/(2160:2160): Valor leido: 12
[INFO] 20:14:23:793 MEMORIA/(2160:2160): Me llego el nroTabla1erNivel 0 y con la entrada 0
[INFO] 20:16:39:086 MEMORIA/(2475:2475): Memoria lista para recibir a Cpu o Kernel
[INFO] 20:16:44:951 MEMORIA/(2475:2475): Se conecto un cliente!
[INFO] 20:16:44:961 MEMORIA/(2475:2475): Me llego el mensaje Dame el tamanio de pag y entradas por tabla
[INFO] 20:16:44:961 MEMORIA/(2475:2475): Envio el tamanio de pag y cant entradas
[INFO] 20:16:44:962 MEMORIA/(2475:2475): Me llego el nroTabla1erNivel 0 y con la entrada 0
[INFO] 20:16:44:962 MEMORIA/(2475:2475): Envio el numero de tabla de 2do nivel
[INFO] 20:16:44:962 MEMORIA/(2475:2475): Me llego  la entrada de segundo nivel 0
[INFO] 20:16:44:962 MEMORIA/(2475:2475): Envio el marco correspondiente el cual es 0
[INFO] 20:19:12:038 MEMORIA/(2692:2692): Memoria lista para recibir a Cpu o Kernel
[INFO] 20:19:15:227 MEMORIA/(2692:2692): Se conecto un cliente!
[INFO] 20:19:15:229 MEMORIA/(2692:2692): Me llego el mensaje Dame el tamanio de pag y entradas por tabla
[INFO] 20:19:15:229 MEMORIA/(2692:2692): Envio el tamanio de pag y cant entradas
[INFO] 20:19:15:236 MEMORIA/(2692:2692): Me llego el nroTabla1erNivel 0 y con la entrada 0
[INFO] 20:19:15:236 MEMORIA/(2692:2692): Envio el numero de tabla de 2do nivel
[INFO] 20:19:15:236 MEMORIA/(2692:2692): Me llego  la entrada de segundo nivel 0
[INFO] 20:19:15:236 MEMORIA/(2692:2692): Envio el marco correspondiente el cual es 0
[INFO] 20:19:16:237 MEMORIA/(2692:2692): Me llego el marco 0 con desplazamiento 0
[INFO] 20:19:16:277 MEMORIA/(2692:2692): Me llego el valor a escribir: 12
[INFO] 20:19:16:278 MEMORIA/(2692:2692): Me llego el marco 0 con desplazamiento 0
[INFO] 20:19:16:278 MEMORIA/(2692:2692): Valor leido: 12
[INFO] 20:19:16:320 MEMORIA/(2692:2692): Me llego el nroTabla1erNivel 0 y con la entrada 0
[INFO] 20:20:16:793 MEMORIA/(2763:2763): Memoria lista para recibir a Cpu o Kernel
[INFO] 20:20:30:606 MEMORIA/(2809:2809): Memoria lista para recibir a Cpu o Kernel
[INFO] 20:20:33:706 MEMORIA/(2809:2809): Se conecto un cliente!
[INFO] 20:20:33:708 MEMORIA/(2809:2809): Me llego el mensaje Dame el tamanio de pag y entradas por tabla
[INFO] 20:20:33:708 MEMORIA/(2809:2809): Envio el tamanio de pag y cant entradas
[INFO] 20:20:33:708 MEMORIA/(2809:2809): Me llego el nroTabla1erNivel 0 y con la entrada 0
[INFO] 20:20:33:709 MEMORIA/(2809:2809): Envio el numero de tabla de 2do nivel
[INFO] 20:20:33:709 MEMORIA/(2809:2809): Me llego  la entrada de segundo nivel 0
[INFO] 20:20:33:709 MEMORIA/(2809:2809): Envio el marco correspondiente el cual es 0
[INFO] 20:20:34:710 MEMORIA/(2809:2809): Me llego el marco 0 con desplazamiento 0
[INFO] 20:20:34:749 MEMORIA/(2809:2809): Me llego el valor a escribir: 12
[INFO] 20:20:34:749 MEMORIA/(2809:2809): Me llego el marco 0 con desplazamiento 0
[INFO] 20:20:34:749 MEMORIA/(2809:2809): Valor leido: 12
[ERROR] 20:20:34:750 MEMORIA/(2809:2809): Se desconecto el cliente. Terminando conexion
[INFO] 20:20:34:750 MEMORIA/(2809:2809): Fin de memoria
[INFO] 20:26:01:600 MEMORIA/(3081:3081): Memoria lista para recibir a Cpu o Kernel
[INFO] 20:26:05:501 MEMORIA/(3081:3081): Se conecto un cliente!
[INFO] 20:26:05:502 MEMORIA/(3081:3081): Me llego el mensaje Dame el tamanio de pag y entradas por tabla
[INFO] 20:26:05:502 MEMORIA/(3081:3081): Envio el tamanio de pag y cant entradas
[INFO] 20:26:05:502 MEMORIA/(3081:3081): Me llego el nroTabla1erNivel 0 y con la entrada 0
[INFO] 20:26:05:502 MEMORIA/(3081:3081): Envio el numero de tabla de 2do nivel
[INFO] 20:26:05:503 MEMORIA/(3081:3081): Me llego  la entrada de segundo nivel 0
[INFO] 20:26:05:503 MEMORIA/(3081:3081): Envio el marco correspondiente el cual es 0
[INFO] 20:26:06:504 MEMORIA/(3081:3081): Me llego el marco 0 con desplazamiento 0
[INFO] 20:26:06:541 MEMORIA/(3081:3081): Me llego el valor a escribir: 12
[INFO] 20:26:06:541 MEMORIA/(3081:3081): Me llego el marco 0 con desplazamiento 0
[INFO] 20:26:06:541 MEMORIA/(3081:3081): Valor leido: 12
[INFO] 20:26:06:542 MEMORIA/(3081:3081): Me llego el marco 0 con desplazamiento 0
[INFO] 20:26:06:542 MEMORIA/(3081:3081): Valor leido: 12
[ERROR] 20:26:06:542 MEMORIA/(3081:3081): Se desconecto el cliente. Terminando conexion
[INFO] 20:26:06:542 MEMORIA/(3081:3081): Fin de memoria
[INFO] 20:32:11:449 MEMORIA/(3400:3400): Memoria lista para recibir a Cpu o Kernel
[INFO] 20:32:43:794 MEMORIA/(3400:3400): Se conecto un cliente!
[INFO] 20:32:47:679 MEMORIA/(3400:3400): Me llego el mensaje Dame el tamanio de pag y entradas por tabla
[INFO] 20:32:47:679 MEMORIA/(3400:3400): Envio el tamanio de pag y cant entradas
[INFO] 20:33:01:893 MEMORIA/(3400:3400): Me llego el nroTabla1erNivel 0 y con la entrada 0
[INFO] 20:33:01:893 MEMORIA/(3400:3400): Envio el numero de tabla de 2do nivel
[INFO] 20:33:01:893 MEMORIA/(3400:3400): Me llego  la entrada de segundo nivel 0
[INFO] 20:33:01:893 MEMORIA/(3400:3400): Envio el marco correspondiente el cual es 0
[INFO] 20:33:02:894 MEMORIA/(3400:3400): Me llego el marco 0 con desplazamiento 0
[INFO] 20:33:02:932 MEMORIA/(3400:3400): Me llego el valor a escribir: 12
[INFO] 20:33:09:688 MEMORIA/(3400:3400): Me llego el marco 0 con desplazamiento 0
[INFO] 20:33:09:688 MEMORIA/(3400:3400): Valor leido: 12
[INFO] 20:34:43:748 MEMORIA/(3400:3400): Me llego el nroTabla1erNivel 0 y con la entrada 0
[INFO] 20:36:39:276 MEMORIA/(3854:3854): Memoria lista para recibir a Cpu o Kernel
[INFO] 20:36:44:167 MEMORIA/(3854:3854): Se conecto un cliente!
[INFO] 20:36:44:167 MEMORIA/(3854:3854): Me llego el mensaje Dame el tamanio de pag y entradas por tabla
[INFO] 20:36:44:167 MEMORIA/(3854:3854): Envio el tamanio de pag y cant entradas
[INFO] 20:36:44:167 MEMORIA/(3854:3854): Me llego el nroTabla1erNivel 0 y con la entrada 0
[INFO] 20:36:44:167 MEMORIA/(3854:3854): Envio el numero de tabla de 2do nivel
[INFO] 20:36:44:168 MEMORIA/(3854:3854): Me llego  la entrada de segundo nivel 0
[INFO] 20:36:44:168 MEMORIA/(3854:3854): Envio el marco correspondiente el cual es 0
[INFO] 20:36:45:168 MEMORIA/(3854:3854): Me llego el marco 0 con desplazamiento 0
[INFO] 20:36:45:205 MEMORIA/(3854:3854): Me llego el valor a escribir: 12
[INFO] 20:36:45:205 MEMORIA/(3854:3854): Me llego el marco 0 con desplazamiento 0
[INFO] 20:36:45:205 MEMORIA/(3854:3854): Valor leido: 12
[INFO] 20:36:45:244 MEMORIA/(3854:3854): Me llego el nroTabla1erNivel 0 y con la entrada 0
[INFO] 20:37:57:648 MEMORIA/(3971:3971): Memoria lista para recibir a Cpu o Kernel
[INFO] 20:38:01:513 MEMORIA/(3971:3971): Se conecto un cliente!
[INFO] 20:38:01:515 MEMORIA/(3971:3971): Me llego el mensaje Dame el tamanio de pag y entradas por tabla
[INFO] 20:38:01:515 MEMORIA/(3971:3971): Envio el tamanio de pag y cant entradas
[INFO] 20:38:01:516 MEMORIA/(3971:3971): Me llego el nroTabla1erNivel 0 y con la entrada 0
[INFO] 20:38:01:516 MEMORIA/(3971:3971): Envio el numero de tabla de 2do nivel
[INFO] 20:38:01:516 MEMORIA/(3971:3971): Me llego  la entrada de segundo nivel 0
[INFO] 20:38:01:516 MEMORIA/(3971:3971): Envio el marco correspondiente el cual es 0
[INFO] 20:38:02:517 MEMORIA/(3971:3971): Me llego el marco 0 con desplazamiento 0
[INFO] 20:38:02:556 MEMORIA/(3971:3971): Me llego el valor a escribir: 12
[INFO] 20:38:02:557 MEMORIA/(3971:3971): Me llego el marco 0 con desplazamiento 0
[INFO] 20:38:02:557 MEMORIA/(3971:3971): Valor leido: 12
[INFO] 20:38:02:596 MEMORIA/(3971:3971): Me llego el nroTabla1erNivel 0 y con la entrada 0
[INFO] 20:38:40:083 MEMORIA/(4048:4048): Memoria lista para recibir a Cpu o Kernel
[INFO] 20:38:55:045 MEMORIA/(4095:4095): Memoria lista para recibir a Cpu o Kernel
[INFO] 20:39:10:502 MEMORIA/(4129:4129): Memoria lista para recibir a Cpu o Kernel
[INFO] 20:39:14:117 MEMORIA/(4129:4129): Se conecto un cliente!
[INFO] 20:39:14:117 MEMORIA/(4129:4129): Me llego el mensaje Dame el tamanio de pag y entradas por tabla
[INFO] 20:39:14:117 MEMORIA/(4129:4129): Envio el tamanio de pag y cant entradas
[INFO] 20:39:14:125 MEMORIA/(4129:4129): Me llego el nroTabla1erNivel 0 y con la entrada 0
[INFO] 20:39:14:125 MEMORIA/(4129:4129): Envio el numero de tabla de 2do nivel
[INFO] 20:39:14:129 MEMORIA/(4129:4129): Me llego  la entrada de segundo nivel 0
[INFO] 20:39:14:129 MEMORIA/(4129:4129): Envio el marco correspondiente el cual es 0
[INFO] 20:39:15:129 MEMORIA/(4129:4129): Me llego el marco 0 con desplazamiento 0
[INFO] 20:39:15:169 MEMORIA/(4129:4129): Me llego el valor a escribir: 12
[INFO] 20:39:15:170 MEMORIA/(4129:4129): Me llego el marco 0 con desplazamiento 0
[INFO] 20:39:15:170 MEMORIA/(4129:4129): Valor leido: 12
[INFO] 20:39:15:209 MEMORIA/(4129:4129): Me llego el nroTabla1erNivel 0 y con la entrada 0
[INFO] 22:10:00:740 MEMORIA/(8119:8119): Memoria lista para recibir a Cpu o Kernel
[INFO] 22:10:14:790 MEMORIA/(8119:8119): Se conecto un cliente!
[INFO] 22:10:14:797 MEMORIA/(8119:8119): Me llego el mensaje Dame el tamanio de pag y entradas por tabla
[INFO] 22:10:14:797 MEMORIA/(8119:8119): Envio el tamanio de pag y cant entradas
[INFO] 22:10:17:961 MEMORIA/(8119:8119): Me llego el nroTabla1erNivel 0 y con la entrada 0
[INFO] 22:10:17:961 MEMORIA/(8119:8119): Envio el numero de tabla de 2do nivel
[INFO] 22:10:17:961 MEMORIA/(8119:8119): Me llego  la entrada de segundo nivel 0
[INFO] 22:10:17:961 MEMORIA/(8119:8119): Envio el marco correspondiente el cual es 0
[INFO] 22:10:18:962 MEMORIA/(8119:8119): Me llego el marco 0 con desplazamiento 0
[INFO] 22:10:19:000 MEMORIA/(8119:8119): Me llego el valor a escribir: 12
[INFO] 22:10:26:557 MEMORIA/(8119:8119): Me llego el marco 0 con desplazamiento 0
[INFO] 22:10:26:557 MEMORIA/(8119:8119): Valor leido: 12
[INFO] 22:12:06:098 MEMORIA/(8119:8119): Me llego el nroTabla1erNivel 0 y con la entrada 0
[INFO] 22:13:02:788 MEMORIA/(8334:8334): Memoria lista para recibir a Cpu o Kernel
[INFO] 22:13:49:590 MEMORIA/(8420:8420): Memoria lista para recibir a Cpu o Kernel
[INFO] 22:14:00:542 MEMORIA/(8420:8420): Se conecto un cliente!
[INFO] 22:14:00:542 MEMORIA/(8420:8420): Me llego el mensaje Dame el tamanio de pag y entradas por tabla
[INFO] 22:14:00:542 MEMORIA/(8420:8420): Envio el tamanio de pag y cant entradas
[INFO] 22:14:12:970 MEMORIA/(8420:8420): Me llego el nroTabla1erNivel 0 y con la entrada 0
[INFO] 22:14:12:970 MEMORIA/(8420:8420): Envio el numero de tabla de 2do nivel
[INFO] 22:14:12:970 MEMORIA/(8420:8420): Me llego  la entrada de segundo nivel 0
[INFO] 22:14:12:970 MEMORIA/(8420:8420): Envio el marco correspondiente el cual es 0
[INFO] 22:14:13:970 MEMORIA/(8420:8420): Me llego el marco 0 con desplazamiento 0
[INFO] 22:14:14:009 MEMORIA/(8420:8420): Me llego el valor a escribir: 12
[INFO] 22:14:27:832 MEMORIA/(8420:8420): Me llego el marco 0 con desplazamiento 0
[INFO] 22:14:27:832 MEMORIA/(8420:8420): Valor leido: 12
[INFO] 22:15:31:418 MEMORIA/(8420:8420): Me llego el nroTabla1erNivel 0 y con la entrada 0
[INFO] 22:22:13:706 MEMORIA/(8928:8928): Memoria lista para recibir a Cpu o Kernel
[INFO] 22:22:24:807 MEMORIA/(8928:8928): Se conecto un cliente!
[INFO] 22:22:35:429 MEMORIA/(8928:8928): Me llego el mensaje Dame el tamanio de pag y entradas por tabla
[INFO] 22:22:36:767 MEMORIA/(8928:8928): Envio el tamanio de pag y cant entradas
[INFO] 22:22:49:235 MEMORIA/(8928:8928): Me llego el nroTabla1erNivel 0 y con la entrada 0
[INFO] 22:22:50:936 MEMORIA/(8928:8928): Envio el numero de tabla de 2do nivel
[INFO] 22:22:57:914 MEMORIA/(8928:8928): Me llego  la entrada de segundo nivel 0
[INFO] 22:23:00:038 MEMORIA/(8928:8928): Envio el marco correspondiente el cual es 0
[INFO] 22:23:21:353 MEMORIA/(8928:8928): Me llego el marco 0 con desplazamiento 0
[INFO] 22:23:36:346 MEMORIA/(8928:8928): Me llego el valor a escribir: 12
[INFO] 22:24:10:852 MEMORIA/(8928:8928): Me llego el marco 0 con desplazamiento 0
[INFO] 22:24:13:382 MEMORIA/(8928:8928): Valor leido: 12
[INFO] 22:24:57:581 MEMORIA/(8928:8928): Me llego el nroTabla1erNivel 0 y con la entrada 0
[INFO] 22:26:43:379 MEMORIA/(9265:9265): Memoria lista para recibir a Cpu o Kernel
[INFO] 22:26:50:831 MEMORIA/(9265:9265): Se conecto un cliente!
[INFO] 22:27:00:886 MEMORIA/(9265:9265): Me llego el mensaje Dame el tamanio de pag y entradas por tabla
[INFO] 22:27:01:317 MEMORIA/(9265:9265): Envio el tamanio de pag y cant entradas
[INFO] 22:27:05:251 MEMORIA/(9265:9265): Me llego el nroTabla1erNivel 0 y con la entrada 0
[INFO] 22:27:05:791 MEMORIA/(9265:9265): Envio el numero de tabla de 2do nivel
[INFO] 22:27:10:552 MEMORIA/(9265:9265): Me llego  la entrada de segundo nivel 0
[INFO] 22:27:11:989 MEMORIA/(9265:9265): Envio el marco correspondiente el cual es 0
[INFO] 22:27:19:216 MEMORIA/(9265:9265): Me llego el marco 0 con desplazamiento 0
[INFO] 22:27:29:039 MEMORIA/(9265:9265): Me llego el valor a escribir: 12
[INFO] 22:27:34:883 MEMORIA/(9265:9265): Me llego el marco 0 con desplazamiento 0
[INFO] 22:27:36:915 MEMORIA/(9265:9265): Valor leido: 12
[INFO] 22:28:10:165 MEMORIA/(9265:9265): Me llego el nroTabla1erNivel 0 y con la entrada 0
[INFO] 22:29:26:285 MEMORIA/(9579:9579): Memoria lista para recibir a Cpu o Kernel
[INFO] 22:29:51:024 MEMORIA/(9628:9628): Memoria lista para recibir a Cpu o Kernel
[INFO] 22:29:54:240 MEMORIA/(9659:9659): Memoria lista para recibir a Cpu o Kernel
[INFO] 22:30:23:862 MEMORIA/(9628:9628): Se conecto un cliente!
[INFO] 22:30:30:315 MEMORIA/(9628:9628): Me llego el mensaje Dame el tamanio de pag y entradas por tabla
[INFO] 22:30:30:939 MEMORIA/(9628:9628): Envio el tamanio de pag y cant entradas
[ERROR] 22:30:34:281 MEMORIA/(9628:9628): Se desconecto el cliente. Terminando conexion
[INFO] 22:30:36:434 MEMORIA/(9628:9628): Fin de memoria
[INFO] 22:31:08:459 MEMORIA/(9769:9769): Memoria lista para recibir a Cpu o Kernel
[INFO] 22:31:17:951 MEMORIA/(9769:9769): Se conecto un cliente!
[INFO] 22:31:25:725 MEMORIA/(9769:9769): Me llego el mensaje Dame el tamanio de pag y entradas por tabla
[INFO] 22:31:26:897 MEMORIA/(9769:9769): Envio el tamanio de pag y cant entradas
[INFO] 22:31:32:308 MEMORIA/(9769:9769): Me llego el nroTabla1erNivel 0 y con la entrada 0
[INFO] 22:31:34:235 MEMORIA/(9769:9769): Envio el numero de tabla de 2do nivel
[INFO] 22:31:45:032 MEMORIA/(9769:9769): Me llego  la entrada de segundo nivel 0
[INFO] 22:31:46:159 MEMORIA/(9769:9769): Envio el marco correspondiente el cual es 0
[INFO] 22:31:52:961 MEMORIA/(9769:9769): Me llego el marco 0 con desplazamiento 0
[INFO] 22:31:58:922 MEMORIA/(9769:9769): Me llego el valor a escribir: 12
[INFO] 22:32:06:186 MEMORIA/(9769:9769): Me llego el marco 0 con desplazamiento 0
[INFO] 22:32:08:298 MEMORIA/(9769:9769): Valor leido: 12
[INFO] 22:32:25:999 MEMORIA/(9769:9769): Me llego el nroTabla1erNivel 0 y con la entrada 0
[INFO] 22:40:44:431 MEMORIA/(10363:10363): Memoria lista para recibir a Cpu o Kernel
[INFO] 22:40:53:678 MEMORIA/(10363:10363): Se conecto un cliente!
[INFO] 22:40:59:470 MEMORIA/(10363:10363): Me llego el mensaje Dame el tamanio de pag y entradas por tabla
[INFO] 22:40:59:908 MEMORIA/(10363:10363): Envio el tamanio de pag y cant entradas
[INFO] 22:41:04:601 MEMORIA/(10363:10363): Me llego el nroTabla1erNivel 0 y con la entrada 0
[INFO] 22:41:05:128 MEMORIA/(10363:10363): Envio el numero de tabla de 2do nivel
[INFO] 22:41:10:119 MEMORIA/(10363:10363): Me llego  la entrada de segundo nivel 0
[INFO] 22:41:11:713 MEMORIA/(10363:10363): Envio el marco correspondiente el cual es 0
[INFO] 22:41:19:072 MEMORIA/(10363:10363): Me llego el marco 0 con desplazamiento 0
[INFO] 22:41:24:741 MEMORIA/(10363:10363): Me llego el valor a escribir: 12
[INFO] 22:41:32:211 MEMORIA/(10363:10363): Me llego el marco 0 con desplazamiento 0
[INFO] 22:41:33:851 MEMORIA/(10363:10363): Valor leido: 12
[INFO] 22:41:45:549 MEMORIA/(10363:10363): Me llego el nroTabla1erNivel 0 y con la entrada 0
[INFO] 22:42:45:783 MEMORIA/(10363:10363): Envio el numero de tabla de 2do nivel
[INFO] 22:43:37:653 MEMORIA/(10363:10363): Me llego  la entrada de segundo nivel 2
[INFO] 22:43:46:927 MEMORIA/(10363:10363): Envio el marco correspondiente el cual es 1
[INFO] 22:44:40:212 MEMORIA/(10363:10363): Se copio el valor 12 en la dir fisica:(marco 1 offset 0)
[ERROR] 22:44:47:890 MEMORIA/(10363:10363): Se desconecto el cliente. Terminando conexion
[INFO] 22:45:19:786 MEMORIA/(10741:10741): Memoria lista para recibir a Cpu o Kernel
[INFO] 22:45:24:112 MEMORIA/(10741:10741): Se conecto un cliente!
[INFO] 22:45:24:112 MEMORIA/(10741:10741): Me llego el mensaje Dame el tamanio de pag y entradas por tabla
[INFO] 22:45:24:112 MEMORIA/(10741:10741): Envio el tamanio de pag y cant entradas
[INFO] 22:45:24:113 MEMORIA/(10741:10741): Me llego el nroTabla1erNivel 0 y con la entrada 0
[INFO] 22:45:24:113 MEMORIA/(10741:10741): Envio el numero de tabla de 2do nivel
[INFO] 22:45:24:113 MEMORIA/(10741:10741): Me llego  la entrada de segundo nivel 0
[INFO] 22:45:24:113 MEMORIA/(10741:10741): Envio el marco correspondiente el cual es 0
[INFO] 22:45:25:114 MEMORIA/(10741:10741): Me llego el marco 0 con desplazamiento 0
[INFO] 22:45:25:152 MEMORIA/(10741:10741): Me llego el valor a escribir: 12
[INFO] 22:45:25:153 MEMORIA/(10741:10741): Me llego el marco 0 con desplazamiento 0
[INFO] 22:45:25:153 MEMORIA/(10741:10741): Valor leido: 12
[INFO] 22:45:25:193 MEMORIA/(10741:10741): Me llego el nroTabla1erNivel 0 y con la entrada 0
[INFO] 22:45:25:193 MEMORIA/(10741:10741): Envio el numero de tabla de 2do nivel
[INFO] 22:45:25:193 MEMORIA/(10741:10741): Me llego  la entrada de segundo nivel 2
[INFO] 22:45:25:194 MEMORIA/(10741:10741): Envio el marco correspondiente el cual es 1
[INFO] 22:45:26:194 MEMORIA/(10741:10741): Se copio el valor 12 en la dir fisica:(marco 1 offset 0)
[ERROR] 22:45:26:195 MEMORIA/(10741:10741): Se desconecto el cliente. Terminando conexion
[INFO] 22:45:26:195 MEMORIA/(10741:10741): Fin de memoria
[INFO] 22:47:52:583 MEMORIA/(10888:10888): Memoria lista para recibir a Cpu o Kernel
[INFO] 22:47:55:865 MEMORIA/(10888:10888): Se conecto un cliente!
[INFO] 22:47:55:874 MEMORIA/(10888:10888): Me llego el mensaje Dame el tamanio de pag y entradas por tabla
[INFO] 22:47:55:874 MEMORIA/(10888:10888): Envio el tamanio de pag y cant entradas
[INFO] 22:47:55:874 MEMORIA/(10888:10888): Me llego el nroTabla1erNivel 0 y con la entrada 0
[INFO] 22:47:55:874 MEMORIA/(10888:10888): Envio el numero de tabla de 2do nivel
[INFO] 22:47:55:875 MEMORIA/(10888:10888): Me llego  la entrada de segundo nivel 0
[INFO] 22:47:55:875 MEMORIA/(10888:10888): Envio el marco correspondiente el cual es 0
[INFO] 22:47:56:875 MEMORIA/(10888:10888): Me llego el marco 0 con desplazamiento 0
[INFO] 22:47:56:912 MEMORIA/(10888:10888): Me llego el valor a escribir: 12
[INFO] 22:47:56:913 MEMORIA/(10888:10888): Me llego el marco 0 con desplazamiento 0
[INFO] 22:47:56:913 MEMORIA/(10888:10888): Valor leido: 12
[INFO] 22:47:56:953 MEMORIA/(10888:10888): Me llego el nroTabla1erNivel 0 y con la entrada 0
[INFO] 22:47:56:953 MEMORIA/(10888:10888): Envio el numero de tabla de 2do nivel
[INFO] 22:47:56:953 MEMORIA/(10888:10888): Me llego  la entrada de segundo nivel 2
[INFO] 22:47:56:953 MEMORIA/(10888:10888): Envio el marco correspondiente el cual es 1
[INFO] 22:47:57:954 MEMORIA/(10888:10888): Se copio el valor 12 en la dir fisica:(marco 1 offset 0)
[ERROR] 22:47:57:956 MEMORIA/(10888:10888): Se desconecto el cliente. Terminando conexion
[INFO] 22:47:57:956 MEMORIA/(10888:10888): Fin de memoria
[INFO] 22:51:24:476 MEMORIA/(11080:11080): Memoria lista para recibir a Cpu o Kernel
[INFO] 22:51:29:336 MEMORIA/(11080:11080): Se conecto un cliente!
[INFO] 22:51:29:357 MEMORIA/(11080:11080): Me llego el mensaje Dame el tamanio de pag y entradas por tabla
[INFO] 22:51:29:357 MEMORIA/(11080:11080): Envio el tamanio de pag y cant entradas
[INFO] 22:51:29:358 MEMORIA/(11080:11080): Me llego el nroTabla1erNivel 0 y con la entrada 0
[INFO] 22:51:29:358 MEMORIA/(11080:11080): Envio el numero de tabla de 2do nivel
[INFO] 22:51:29:358 MEMORIA/(11080:11080): Me llego  la entrada de segundo nivel 0
[INFO] 22:51:29:358 MEMORIA/(11080:11080): Envio el marco correspondiente el cual es 0
[INFO] 22:51:30:359 MEMORIA/(11080:11080): Me llego el marco 0 con desplazamiento 0
[INFO] 22:51:30:397 MEMORIA/(11080:11080): Me llego el valor a escribir: 12
[INFO] 22:51:30:397 MEMORIA/(11080:11080): Me llego el marco 0 con desplazamiento 0
[INFO] 22:51:30:397 MEMORIA/(11080:11080): Valor leido: 12
[INFO] 22:51:30:436 MEMORIA/(11080:11080): Me llego el nroTabla1erNivel 0 y con la entrada 0
[INFO] 22:51:30:437 MEMORIA/(11080:11080): Envio el numero de tabla de 2do nivel
[INFO] 22:51:30:459 MEMORIA/(11080:11080): Me llego  la entrada de segundo nivel 2
[INFO] 22:51:30:459 MEMORIA/(11080:11080): Envio el marco correspondiente el cual es 1
[INFO] 22:51:31:460 MEMORIA/(11080:11080): Se copio el valor 12 en la dir fisica:(marco 1 offset 0)
[INFO] 22:51:31:461 MEMORIA/(11080:11080): Me llego el marco 1 con desplazamiento 0
[INFO] 22:51:31:461 MEMORIA/(11080:11080): Valor leido: 12
[ERROR] 22:51:31:461 MEMORIA/(11080:11080): Se desconecto el cliente. Terminando conexion
[INFO] 22:51:31:461 MEMORIA/(11080:11080): Fin de memoria
[INFO] 22:54:16:825 MEMORIA/(11242:11242): Memoria lista para recibir a Cpu o Kernel
[INFO] 22:54:21:592 MEMORIA/(11242:11242): Se conecto un cliente!
[INFO] 22:54:21:669 MEMORIA/(11242:11242): Me llego el mensaje Dame el tamanio de pag y entradas por tabla
[INFO] 22:54:21:669 MEMORIA/(11242:11242): Envio el tamanio de pag y cant entradas
[INFO] 22:54:21:669 MEMORIA/(11242:11242): Me llego el nroTabla1erNivel 0 y con la entrada 0
[INFO] 22:54:21:669 MEMORIA/(11242:11242): Envio el numero de tabla de 2do nivel
[INFO] 22:54:21:670 MEMORIA/(11242:11242): Me llego  la entrada de segundo nivel 0
[INFO] 22:54:21:670 MEMORIA/(11242:11242): Envio el marco correspondiente el cual es 0
[INFO] 22:54:22:670 MEMORIA/(11242:11242): Me llego el marco 0 con desplazamiento 0
[INFO] 22:54:22:708 MEMORIA/(11242:11242): Me llego el valor a escribir: 12
[INFO] 22:54:22:709 MEMORIA/(11242:11242): Me llego el marco 0 con desplazamiento 0
[INFO] 22:54:22:709 MEMORIA/(11242:11242): Valor leido: 12
[INFO] 22:54:22:748 MEMORIA/(11242:11242): Me llego el nroTabla1erNivel 0 y con la entrada 0
[INFO] 22:54:22:749 MEMORIA/(11242:11242): Envio el numero de tabla de 2do nivel
[INFO] 22:54:22:749 MEMORIA/(11242:11242): Me llego  la entrada de segundo nivel 2
[INFO] 22:54:22:749 MEMORIA/(11242:11242): Envio el marco correspondiente el cual es 1
[INFO] 22:54:23:750 MEMORIA/(11242:11242): Se copio el valor 12 en la dir fisica:(marco 1 offset 0)
[INFO] 22:54:23:750 MEMORIA/(11242:11242): Me llego el marco 1 con desplazamiento 0
[INFO] 22:54:23:750 MEMORIA/(11242:11242): Valor leido: 12
[ERROR] 22:54:23:751 MEMORIA/(11242:11242): Se desconecto el cliente. Terminando conexion
[INFO] 22:54:23:751 MEMORIA/(11242:11242): Fin de memoria
[INFO] 12:05:42:342 MEMORIA/(4767:4767): Memoria lista para recibir a Cpu o Kernel
[INFO] 12:06:05:054 MEMORIA/(4767:4767): Se conecto un cliente!
[INFO] 12:06:05:055 MEMORIA/(4767:4767): Me llego el mensaje Dame el tamanio de pag y entradas por tabla
[INFO] 12:06:05:055 MEMORIA/(4767:4767): Envio el tamanio de pag y cant entradas
[INFO] 12:06:13:786 MEMORIA/(4767:4767): Me llego el nroTabla1erNivel 0 y con la entrada 0
[INFO] 12:06:13:786 MEMORIA/(4767:4767): Envio el numero de tabla de 2do nivel
[INFO] 12:06:13:787 MEMORIA/(4767:4767): Me llego  la entrada de segundo nivel 0
[INFO] 12:06:13:787 MEMORIA/(4767:4767): Envio el marco correspondiente el cual es 0
[INFO] 12:06:14:792 MEMORIA/(4767:4767): Me llego el marco 0 con desplazamiento 0
[INFO] 12:06:14:831 MEMORIA/(4767:4767): Me llego el valor a escribir: 12
[INFO] 12:06:21:830 MEMORIA/(4767:4767): Me llego el marco 0 con desplazamiento 0
[INFO] 12:06:21:830 MEMORIA/(4767:4767): Valor leido: 12
[INFO] 12:20:46:452 MEMORIA/(4767:4767): Me llego el nroTabla1erNivel 0 y con la entrada 0
[INFO] 12:22:18:876 MEMORIA/(7159:7159): Memoria lista para recibir a Cpu o Kernel
[INFO] 12:22:33:450 MEMORIA/(7159:7159): Se conecto un cliente!
[INFO] 12:22:33:450 MEMORIA/(7159:7159): Me llego el mensaje Dame el tamanio de pag y entradas por tabla
[INFO] 12:22:33:450 MEMORIA/(7159:7159): Envio el tamanio de pag y cant entradas
[INFO] 12:22:33:451 MEMORIA/(7159:7159): Me llego el nroTabla1erNivel 0 y con la entrada 0
[INFO] 12:22:33:451 MEMORIA/(7159:7159): Envio el numero de tabla de 2do nivel
[INFO] 12:22:33:452 MEMORIA/(7159:7159): Me llego  la entrada de segundo nivel 0
[INFO] 12:22:33:452 MEMORIA/(7159:7159): Envio el marco correspondiente el cual es 0
[INFO] 12:22:34:454 MEMORIA/(7159:7159): Me llego el marco 0 con desplazamiento 0
[INFO] 12:22:34:494 MEMORIA/(7159:7159): Me llego el valor a escribir: 12
[INFO] 12:22:34:496 MEMORIA/(7159:7159): Me llego el marco 0 con desplazamiento 0
[INFO] 12:22:34:496 MEMORIA/(7159:7159): Valor leido: 12
[INFO] 12:22:34:534 MEMORIA/(7159:7159): Me llego el nroTabla1erNivel 0 y con la entrada 0
[INFO] 12:24:46:525 MEMORIA/(7699:7699): Memoria lista para recibir a Cpu o Kernel
[INFO] 12:24:50:227 MEMORIA/(7699:7699): Se conecto un cliente!
[INFO] 12:24:50:227 MEMORIA/(7699:7699): Me llego el mensaje Dame el tamanio de pag y entradas por tabla
[INFO] 12:24:50:227 MEMORIA/(7699:7699): Envio el tamanio de pag y cant entradas
[INFO] 12:24:50:233 MEMORIA/(7699:7699): Me llego el nroTabla1erNivel 0 y con la entrada 0
[INFO] 12:24:50:233 MEMORIA/(7699:7699): Envio el numero de tabla de 2do nivel
[INFO] 12:24:50:234 MEMORIA/(7699:7699): Me llego  la entrada de segundo nivel 0
[INFO] 12:24:50:234 MEMORIA/(7699:7699): Envio el marco correspondiente el cual es 0
[INFO] 12:24:51:234 MEMORIA/(7699:7699): Me llego el marco 0 con desplazamiento 0
[INFO] 12:24:51:273 MEMORIA/(7699:7699): Me llego el valor a escribir: 12
[INFO] 12:24:51:274 MEMORIA/(7699:7699): Me llego el marco 0 con desplazamiento 0
[INFO] 12:24:51:274 MEMORIA/(7699:7699): Valor leido: 12
[INFO] 12:24:51:313 MEMORIA/(7699:7699): Me llego el nroTabla1erNivel 0 y con la entrada 0
[INFO] 12:24:51:313 MEMORIA/(7699:7699): Envio el numero de tabla de 2do nivel
[INFO] 12:24:51:313 MEMORIA/(7699:7699): Me llego  la entrada de segundo nivel 2
[INFO] 12:24:51:313 MEMORIA/(7699:7699): Envio el marco correspondiente el cual es 1
[INFO] 12:24:52:314 MEMORIA/(7699:7699): Se copio el valor 12 en la dir fisica:(marco 1 offset 0)
[INFO] 12:24:52:315 MEMORIA/(7699:7699): Me llego el marco 1 con desplazamiento 0
[INFO] 12:24:52:316 MEMORIA/(7699:7699): Valor leido: 12
[ERROR] 12:24:52:316 MEMORIA/(7699:7699): Se desconecto el cliente. Terminando conexion
[INFO] 12:24:52:317 MEMORIA/(7699:7699): Fin de memoria
[INFO] 12:32:23:726 MEMORIA/(8701:8701): Memoria lista para recibir a Cpu o Kernel
[INFO] 12:32:28:985 MEMORIA/(8701:8701): Se conecto un cliente!
[INFO] 12:32:28:990 MEMORIA/(8701:8701): Me llego el mensaje Dame el tamanio de pag y entradas por tabla
[INFO] 12:32:28:990 MEMORIA/(8701:8701): Envio el tamanio de pag y cant entradas
[INFO] 12:32:28:992 MEMORIA/(8701:8701): Me llego el nroTabla1erNivel 0 y con la entrada 0
[INFO] 12:32:28:992 MEMORIA/(8701:8701): Envio el numero de tabla de 2do nivel
[INFO] 12:32:28:993 MEMORIA/(8701:8701): Me llego  la entrada de segundo nivel 0
[INFO] 12:32:28:993 MEMORIA/(8701:8701): Envio el marco correspondiente el cual es 0
[INFO] 12:32:29:994 MEMORIA/(8701:8701): Me llego el marco 0 con desplazamiento 0
[INFO] 12:32:30:029 MEMORIA/(8701:8701): Me llego el valor a escribir: 12
[INFO] 12:32:30:031 MEMORIA/(8701:8701): Me llego el marco 0 con desplazamiento 0
[INFO] 12:32:30:031 MEMORIA/(8701:8701): Valor leido: 12
[INFO] 12:32:30:069 MEMORIA/(8701:8701): Me llego el nroTabla1erNivel 0 y con la entrada 0
[INFO] 12:32:30:070 MEMORIA/(8701:8701): Envio el numero de tabla de 2do nivel
[INFO] 12:32:30:070 MEMORIA/(8701:8701): Me llego  la entrada de segundo nivel 2
[INFO] 12:32:30:070 MEMORIA/(8701:8701): Envio el marco correspondiente el cual es 1
[INFO] 12:32:31:071 MEMORIA/(8701:8701): Se copio el valor 12 en la dir fisica:(marco 1 offset 0)
[INFO] 12:32:31:074 MEMORIA/(8701:8701): Me llego el marco 1 con desplazamiento 0
[INFO] 12:32:31:074 MEMORIA/(8701:8701): Valor leido: 12
[ERROR] 12:32:31:074 MEMORIA/(8701:8701): Se desconecto el cliente. Terminando conexion
[INFO] 12:32:31:074 MEMORIA/(8701:8701): Fin de memoria
[INFO] 12:33:48:678 MEMORIA/(8874:8874): Memoria lista para recibir a Cpu o Kernel
[INFO] 12:36:05:923 MEMORIA/(8874:8874): Se conecto un cliente!
[INFO] 12:36:05:924 MEMORIA/(8874:8874): Me llego el mensaje Dame el tamanio de pag y entradas por tabla
[INFO] 12:36:05:924 MEMORIA/(8874:8874): Envio el tamanio de pag y cant entradas
[INFO] 12:36:12:435 MEMORIA/(8874:8874): Me llego el nroTabla1erNivel 0 y con la entrada 0
[INFO] 12:36:12:435 MEMORIA/(8874:8874): Envio el numero de tabla de 2do nivel
[INFO] 12:36:12:435 MEMORIA/(8874:8874): Me llego  la entrada de segundo nivel 0
[INFO] 12:36:12:435 MEMORIA/(8874:8874): Envio el marco correspondiente el cual es 0
[INFO] 12:36:13:437 MEMORIA/(8874:8874): Me llego el marco 0 con desplazamiento 0
[INFO] 12:36:13:473 MEMORIA/(8874:8874): Me llego el valor a escribir: 12
[INFO] 12:36:21:055 MEMORIA/(8874:8874): Me llego el marco 0 con desplazamiento 0
[INFO] 12:36:21:055 MEMORIA/(8874:8874): Valor leido: 12
[INFO] 12:37:13:700 MEMORIA/(8874:8874): Me llego el nroTabla1erNivel 0 y con la entrada 0
[INFO] 12:37:13:700 MEMORIA/(8874:8874): Envio el numero de tabla de 2do nivel
[INFO] 12:37:43:436 MEMORIA/(8874:8874): Me llego  la entrada de segundo nivel 2
[INFO] 12:37:43:436 MEMORIA/(8874:8874): Envio el marco correspondiente el cual es 1
[INFO] 12:39:57:483 MEMORIA/(8874:8874): Se copio el valor 12 en la dir fisica:(marco 1 offset 0)
[ERROR] 12:40:50:847 MEMORIA/(8874:8874): Se desconecto el cliente. Terminando conexion
[INFO] 12:40:50:847 MEMORIA/(8874:8874): Fin de memoria
[INFO] 12:44:05:047 MEMORIA/(10120:10120): Memoria lista para recibir a Cpu o Kernel
[INFO] 12:44:12:834 MEMORIA/(10120:10120): Se conecto un cliente!
[INFO] 12:44:12:841 MEMORIA/(10120:10120): Me llego el mensaje Dame el tamanio de pag y entradas por tabla
[INFO] 12:44:12:841 MEMORIA/(10120:10120): Envio el tamanio de pag y cant entradas
[INFO] 12:44:12:844 MEMORIA/(10120:10120): Me llego el nroTabla1erNivel 0 y con la entrada 0
[INFO] 12:44:12:844 MEMORIA/(10120:10120): Envio el numero de tabla de 2do nivel
[INFO] 12:44:12:845 MEMORIA/(10120:10120): Me llego  la entrada de segundo nivel 0
[INFO] 12:44:12:845 MEMORIA/(10120:10120): Envio el marco correspondiente el cual es 0
[INFO] 12:44:13:845 MEMORIA/(10120:10120): Me llego el marco 0 con desplazamiento 0
[INFO] 12:44:13:884 MEMORIA/(10120:10120): Me llego el valor a escribir: 12
[INFO] 12:44:13:885 MEMORIA/(10120:10120): Me llego el marco 0 con desplazamiento 0
[INFO] 12:44:13:885 MEMORIA/(10120:10120): Valor leido: 12
[INFO] 12:44:13:925 MEMORIA/(10120:10120): Me llego el nroTabla1erNivel 0 y con la entrada 0
[INFO] 12:44:13:925 MEMORIA/(10120:10120): Envio el numero de tabla de 2do nivel
[INFO] 12:44:13:925 MEMORIA/(10120:10120): Me llego  la entrada de segundo nivel 2
[INFO] 12:44:13:926 MEMORIA/(10120:10120): Envio el marco correspondiente el cual es 1
[INFO] 12:44:14:926 MEMORIA/(10120:10120): Se copio el valor 12 en la dir fisica:(marco 1 offset 4)
[INFO] 12:44:14:927 MEMORIA/(10120:10120): Me llego el marco 1 con desplazamiento 4
[INFO] 12:44:14:927 MEMORIA/(10120:10120): Valor leido: 12
[ERROR] 12:44:14:927 MEMORIA/(10120:10120): Se desconecto el cliente. Terminando conexion
[INFO] 12:44:14:928 MEMORIA/(10120:10120): Fin de memoria
[INFO] 12:53:57:174 MEMORIA/(11496:11496): Memoria lista para recibir a Cpu o Kernel
[INFO] 12:54:04:010 MEMORIA/(11496:11496): Se conecto un cliente!
[INFO] 12:54:04:014 MEMORIA/(11496:11496): Me llego el mensaje Dame el tamanio de pag y entradas por tabla
[INFO] 12:54:04:014 MEMORIA/(11496:11496): Envio el tamanio de pag y cant entradas
[INFO] 12:54:04:017 MEMORIA/(11496:11496): Me llego el nroTabla1erNivel 0 y con la entrada 0
[INFO] 12:54:04:017 MEMORIA/(11496:11496): Envio el numero de tabla de 2do nivel
[INFO] 12:54:04:018 MEMORIA/(11496:11496): Me llego  la entrada de segundo nivel 0
[INFO] 12:54:04:018 MEMORIA/(11496:11496): Envio el marco correspondiente el cual es 0
[INFO] 12:54:05:018 MEMORIA/(11496:11496): Me llego el marco 0 con desplazamiento 0
[INFO] 12:54:05:057 MEMORIA/(11496:11496): 
-------------------WRITE-------------------
[INFO] 12:54:05:061 MEMORIA/(11496:11496): Me llego el valor a escribir: 12
[INFO] 12:54:05:061 MEMORIA/(11496:11496): -------------------WRITE-------------------

[INFO] 12:54:05:062 MEMORIA/(11496:11496): Me llego el marco 0 con desplazamiento 0
[INFO] 12:54:05:062 MEMORIA/(11496:11496): 
-------------------READ-------------------
[INFO] 12:54:05:062 MEMORIA/(11496:11496): Valor leido: 12
[INFO] 12:54:05:062 MEMORIA/(11496:11496): -------------------READ-------------------

[INFO] 12:54:05:105 MEMORIA/(11496:11496): Me llego el nroTabla1erNivel 0 y con la entrada 0
[INFO] 12:54:05:105 MEMORIA/(11496:11496): Envio el numero de tabla de 2do nivel
[INFO] 12:54:05:106 MEMORIA/(11496:11496): Me llego  la entrada de segundo nivel 2
[INFO] 12:54:05:106 MEMORIA/(11496:11496): Envio el marco correspondiente el cual es 1
[INFO] 12:54:06:107 MEMORIA/(11496:11496): 
-------------------COPIAR-------------------
[INFO] 12:54:06:107 MEMORIA/(11496:11496): Se copio el valor 12 en la dir fisica:(marco 1 offset 4)
[INFO] 12:54:06:107 MEMORIA/(11496:11496): -------------------COPIAR-------------------

[INFO] 12:54:06:108 MEMORIA/(11496:11496): Me llego el marco 1 con desplazamiento 4
[INFO] 12:54:06:108 MEMORIA/(11496:11496): 
-------------------READ-------------------
[INFO] 12:54:06:108 MEMORIA/(11496:11496): Valor leido: 12
[INFO] 12:54:06:108 MEMORIA/(11496:11496): -------------------READ-------------------

[ERROR] 12:54:06:108 MEMORIA/(11496:11496): Se desconecto el cliente. Terminando conexion
[INFO] 12:54:06:108 MEMORIA/(11496:11496): Fin de memoria
[INFO] 12:55:31:768 MEMORIA/(11743:11743): Memoria lista para recibir a Cpu o Kernel
[INFO] 12:55:36:113 MEMORIA/(11743:11743): Se conecto un cliente!
[INFO] 12:55:36:120 MEMORIA/(11743:11743): Me llego el mensaje Dame el tamanio de pag y entradas por tabla
[INFO] 12:55:36:120 MEMORIA/(11743:11743): Envio el tamanio de pag y cant entradas
[INFO] 12:55:36:121 MEMORIA/(11743:11743): Me llego el nroTabla1erNivel 0 y con la entrada 0
[INFO] 12:55:36:121 MEMORIA/(11743:11743): Envio el numero de tabla de 2do nivel
[INFO] 12:55:36:122 MEMORIA/(11743:11743): Me llego  la entrada de segundo nivel 0
[INFO] 12:55:36:122 MEMORIA/(11743:11743): Envio el marco correspondiente el cual es 0
[INFO] 12:55:37:123 MEMORIA/(11743:11743): Me llego el marco 0 con desplazamiento 0
[INFO] 12:55:37:161 MEMORIA/(11743:11743): -------------------WRITE-------------------
[INFO] 12:55:37:161 MEMORIA/(11743:11743): Me llego el valor a escribir: 12
[INFO] 12:55:37:161 MEMORIA/(11743:11743): -------------------WRITE-------------------

[INFO] 12:55:37:162 MEMORIA/(11743:11743): Me llego el marco 0 con desplazamiento 0
[INFO] 12:55:37:162 MEMORIA/(11743:11743): -------------------READ-------------------
[INFO] 12:55:37:162 MEMORIA/(11743:11743): Valor leido: 12
[INFO] 12:55:37:162 MEMORIA/(11743:11743): -------------------READ-------------------

[INFO] 12:55:37:201 MEMORIA/(11743:11743): Me llego el nroTabla1erNivel 0 y con la entrada 0
[INFO] 12:55:37:201 MEMORIA/(11743:11743): Envio el numero de tabla de 2do nivel
[INFO] 12:55:37:202 MEMORIA/(11743:11743): Me llego  la entrada de segundo nivel 2
[INFO] 12:55:37:202 MEMORIA/(11743:11743): Envio el marco correspondiente el cual es 1
[INFO] 12:55:38:205 MEMORIA/(11743:11743): -------------------COPIAR-------------------
[INFO] 12:55:38:205 MEMORIA/(11743:11743): Se copio el valor 12 en la dir fisica:(marco 1 offset 4)
[INFO] 12:55:38:205 MEMORIA/(11743:11743): -------------------COPIAR-------------------

[INFO] 12:55:38:206 MEMORIA/(11743:11743): Me llego el marco 1 con desplazamiento 4
[INFO] 12:55:38:206 MEMORIA/(11743:11743): -------------------READ-------------------
[INFO] 12:55:38:206 MEMORIA/(11743:11743): Valor leido: 12
[INFO] 12:55:38:207 MEMORIA/(11743:11743): -------------------READ-------------------

[ERROR] 12:55:38:207 MEMORIA/(11743:11743): Se desconecto el cliente. Terminando conexion
[INFO] 12:55:38:207 MEMORIA/(11743:11743): Fin de memoria
[INFO] 15:31:19:239 MEMORIA/(28549:28549): Memoria lista para recibir a Cpu o Kernel
[INFO] 15:31:25:363 MEMORIA/(28549:28549): Se conecto un cliente!
[INFO] 15:31:25:373 MEMORIA/(28549:28549): Me llego el mensaje Dame el tamanio de pag y entradas por tabla
[INFO] 15:31:25:373 MEMORIA/(28549:28549): Envio el tamanio de pag y cant entradas
[INFO] 15:31:25:375 MEMORIA/(28549:28549): Me llego el nroTabla1erNivel 0 y con la entrada 0
[INFO] 15:31:25:375 MEMORIA/(28549:28549): Envio el numero de tabla de 2do nivel
[INFO] 15:31:25:378 MEMORIA/(28549:28549): Me llego  la entrada de segundo nivel 0
[INFO] 15:31:25:378 MEMORIA/(28549:28549): Envio el marco correspondiente el cual es 0
[INFO] 15:31:26:379 MEMORIA/(28549:28549): Me llego el marco 0 con desplazamiento 0
[INFO] 15:31:26:417 MEMORIA/(28549:28549): -------------------WRITE-------------------
[INFO] 15:31:26:418 MEMORIA/(28549:28549): Me llego el valor a escribir: 12
[INFO] 15:31:26:418 MEMORIA/(28549:28549): -------------------WRITE-------------------

[INFO] 15:31:26:418 MEMORIA/(28549:28549): Me llego el marco 0 con desplazamiento 0
[INFO] 15:31:26:419 MEMORIA/(28549:28549): -------------------READ-------------------
[INFO] 15:31:26:419 MEMORIA/(28549:28549): Valor leido: 12
[INFO] 15:31:26:419 MEMORIA/(28549:28549): -------------------READ-------------------

[INFO] 15:31:26:461 MEMORIA/(28549:28549): Me llego el nroTabla1erNivel 0 y con la entrada 0
[INFO] 15:31:26:461 MEMORIA/(28549:28549): Envio el numero de tabla de 2do nivel
[INFO] 15:31:26:461 MEMORIA/(28549:28549): Me llego  la entrada de segundo nivel 2
[INFO] 15:31:26:461 MEMORIA/(28549:28549): Envio el marco correspondiente el cual es 1
[INFO] 15:31:27:462 MEMORIA/(28549:28549): -------------------COPIAR-------------------
[INFO] 15:31:27:462 MEMORIA/(28549:28549): Se copio el valor 12 en la dir fisica:(marco 1 offset 4)
[INFO] 15:31:27:462 MEMORIA/(28549:28549): -------------------COPIAR-------------------

[INFO] 15:31:27:464 MEMORIA/(28549:28549): Me llego el marco 1 con desplazamiento 4
[INFO] 15:31:27:464 MEMORIA/(28549:28549): -------------------READ-------------------
[INFO] 15:31:27:464 MEMORIA/(28549:28549): Valor leido: 12
[INFO] 15:31:27:464 MEMORIA/(28549:28549): -------------------READ-------------------

[ERROR] 15:31:27:464 MEMORIA/(28549:28549): Se desconecto el cliente. Terminando conexion
[INFO] 15:31:27:465 MEMORIA/(28549:28549): Fin de memoria
[INFO] 19:25:17:030 MEMORIA/(13220:13220): Fin de memoria
[INFO] 19:31:11:404 MEMORIA/(13603:13603): Fin de memoria
[INFO] 19:33:16:537 MEMORIA/(13748:13748): Fin de memoria
[INFO] 19:34:47:589 MEMORIA/(13875:13875): Fin de memoria
[INFO] 19:35:12:655 MEMORIA/(13924:13924): Fin de memoria
[INFO] 19:36:30:101 MEMORIA/(14073:14073): Fin de memoria
[INFO] 19:36:56:085 MEMORIA/(14123:14123): Fin de memoria
[INFO] 19:37:47:248 MEMORIA/(14218:14218): Fin de memoria
[INFO] 19:38:11:337 MEMORIA/(14276:14276): Fin de memoria
[INFO] 19:39:33:532 MEMORIA/(14389:14389): Fin de memoria
[INFO] 19:40:09:765 MEMORIA/(14455:14455): Fin de memoria
[INFO] 19:43:11:602 MEMORIA/(14688:14688): Fin de memoria
[INFO] 19:43:43:328 MEMORIA/(14752:14752): Fin de memoria
[INFO] 19:44:12:125 MEMORIA/(14812:14812): Fin de memoria
[INFO] 19:44:30:580 MEMORIA/(14856:14856): Fin de memoria
[INFO] 19:47:49:009 MEMORIA/(15109:15109): Fin de memoria
[INFO] 19:49:21:963 MEMORIA/(15261:15261): Fin de memoria
[INFO] 19:49:39:333 MEMORIA/(15307:15307): Fin de memoria
[INFO] 19:50:01:290 MEMORIA/(15360:15360): Fin de memoria
[INFO] 19:51:07:347 MEMORIA/(15449:15449): Fin de memoria
[INFO] 19:51:26:359 MEMORIA/(15507:15507): Fin de memoria
[INFO] 19:54:15:893 MEMORIA/(15733:15733): Fin de memoria
[INFO] 19:55:29:719 MEMORIA/(15843:15843): Fin de memoria
[INFO] 19:56:33:634 MEMORIA/(15930:15930): Fin de memoria
[INFO] 12:51:06:786 MEMORIA/(12902:12902): Fin de memoria
[INFO] 12:51:57:038 MEMORIA/(13047:13047): Memoria lista para recibir a Cpu o Kernel
[INFO] 12:52:01:786 MEMORIA/(13047:13047): Se conecto un cliente!
[INFO] 12:52:01:800 MEMORIA/(13047:13047): Me llego el mensaje Dame el tamanio de pag y entradas por tabla
[INFO] 12:52:01:800 MEMORIA/(13047:13047): Envio el tamanio de pag y cant entradas
[ERROR] 12:52:03:095 MEMORIA/(13047:13047): Se desconecto el cliente. Terminando conexion
[INFO] 12:52:03:096 MEMORIA/(13047:13047): Fin de memoria
[INFO] 12:53:23:831 MEMORIA/(13279:13279): Memoria lista para recibir a Cpu o Kernel
[INFO] 12:53:29:079 MEMORIA/(13279:13279): Se conecto un cliente!
[INFO] 12:53:29:081 MEMORIA/(13279:13279): Me llego el mensaje Dame el tamanio de pag y entradas por tabla
[INFO] 12:53:29:081 MEMORIA/(13279:13279): Envio el tamanio de pag y cant entradas
[ERROR] 12:53:29:759 MEMORIA/(13279:13279): Se desconecto el cliente. Terminando conexion
[INFO] 12:53:29:761 MEMORIA/(13279:13279): Fin de memoria
[INFO] 12:55:29:239 MEMORIA/(13641:13641): Memoria lista para recibir a Cpu o Kernel
[INFO] 12:55:33:122 MEMORIA/(13641:13641): Se conecto un cliente!
[INFO] 12:55:33:123 MEMORIA/(13641:13641): Me llego el mensaje Dame el tamanio de pag y entradas por tabla
[INFO] 12:55:33:123 MEMORIA/(13641:13641): Envio el tamanio de pag y cant entradas
[INFO] 12:55:33:128 MEMORIA/(13641:13641): Me llego el nroTabla1erNivel 0 y con la entrada 0
[INFO] 12:55:33:129 MEMORIA/(13641:13641): Envio el numero de tabla de 2do nivel
[INFO] 12:55:33:129 MEMORIA/(13641:13641): Me llego  la entrada de segundo nivel 0
[INFO] 12:55:33:129 MEMORIA/(13641:13641): Envio el marco correspondiente el cual es 0
[INFO] 12:55:34:139 MEMORIA/(13641:13641): Me llego el marco 0 con desplazamiento 0
[INFO] 12:55:34:183 MEMORIA/(13641:13641): -------------------WRITE-------------------
[INFO] 12:55:34:183 MEMORIA/(13641:13641): Me llego el valor a escribir: 12
[INFO] 12:55:34:183 MEMORIA/(13641:13641): -------------------WRITE-------------------

[INFO] 12:55:34:184 MEMORIA/(13641:13641): Me llego el marco 0 con desplazamiento 0
[INFO] 12:55:34:184 MEMORIA/(13641:13641): -------------------READ-------------------
[INFO] 12:55:34:184 MEMORIA/(13641:13641): Valor leido: 12
[INFO] 12:55:34:184 MEMORIA/(13641:13641): -------------------READ-------------------

[INFO] 12:55:34:223 MEMORIA/(13641:13641): Me llego el nroTabla1erNivel 0 y con la entrada 0
[INFO] 12:55:34:223 MEMORIA/(13641:13641): Envio el numero de tabla de 2do nivel
[INFO] 12:55:34:223 MEMORIA/(13641:13641): Me llego  la entrada de segundo nivel 2
[INFO] 12:55:34:224 MEMORIA/(13641:13641): Envio el marco correspondiente el cual es 1
[INFO] 12:55:35:224 MEMORIA/(13641:13641): -------------------COPIAR-------------------
[INFO] 12:55:35:225 MEMORIA/(13641:13641): Se copio el valor 12 en la dir fisica:(marco 1 offset 4)
[INFO] 12:55:35:225 MEMORIA/(13641:13641): -------------------COPIAR-------------------

[INFO] 12:55:35:225 MEMORIA/(13641:13641): Me llego el marco 1 con desplazamiento 4
[INFO] 12:55:35:225 MEMORIA/(13641:13641): -------------------READ-------------------
[INFO] 12:55:35:225 MEMORIA/(13641:13641): Valor leido: 12
[INFO] 12:55:35:225 MEMORIA/(13641:13641): -------------------READ-------------------

[ERROR] 12:55:35:225 MEMORIA/(13641:13641): Se desconecto el cliente. Terminando conexion
[INFO] 12:55:35:226 MEMORIA/(13641:13641): Fin de memoria
[INFO] 15:09:28:158 MEMORIA/(31504:31504): Memoria lista para recibir a Cpu o Kernel
[INFO] 15:09:33:646 MEMORIA/(31504:31504): Se conecto un cliente!
[INFO] 15:09:33:647 MEMORIA/(31504:31504): Me llego el mensaje Dame el tamanio de pag y entradas por tabla
[INFO] 15:09:33:647 MEMORIA/(31504:31504): Envio el tamanio de pag y cant entradas
[ERROR] 15:09:34:170 MEMORIA/(31504:31504): Se desconecto el cliente. Terminando conexion
[INFO] 15:09:34:170 MEMORIA/(31504:31504): Fin de memoria
[INFO] 15:10:23:364 MEMORIA/(31664:31664): Memoria lista para recibir a Cpu o Kernel
[INFO] 15:10:27:660 MEMORIA/(31664:31664): Se conecto un cliente!
[INFO] 15:10:27:664 MEMORIA/(31664:31664): Me llego el mensaje Dame el tamanio de pag y entradas por tabla
[INFO] 15:10:27:664 MEMORIA/(31664:31664): Envio el tamanio de pag y cant entradas
[ERROR] 15:10:28:269 MEMORIA/(31664:31664): Se desconecto el cliente. Terminando conexion
[INFO] 15:10:28:269 MEMORIA/(31664:31664): Fin de memoria
[INFO] 15:10:48:745 MEMORIA/(31759:31759): Memoria lista para recibir a Cpu o Kernel
[INFO] 15:11:08:186 MEMORIA/(31759:31759): Se conecto un cliente!
[INFO] 15:11:08:186 MEMORIA/(31759:31759): Me llego el mensaje Dame el tamanio de pag y entradas por tabla
[INFO] 15:11:08:186 MEMORIA/(31759:31759): Envio el tamanio de pag y cant entradas
[ERROR] 15:11:51:600 MEMORIA/(31759:31759): Se desconecto el cliente. Terminando conexion
[INFO] 15:11:51:601 MEMORIA/(31759:31759): Fin de memoria
[INFO] 15:12:31:339 MEMORIA/(32050:32050): Memoria lista para recibir a Cpu o Kernel
[INFO] 15:12:35:428 MEMORIA/(32050:32050): Se conecto un cliente!
[INFO] 15:12:35:429 MEMORIA/(32050:32050): Me llego el mensaje Dame el tamanio de pag y entradas por tabla
[INFO] 15:12:35:429 MEMORIA/(32050:32050): Envio el tamanio de pag y cant entradas
[INFO] 15:12:35:434 MEMORIA/(32050:32050): Me llego el nroTabla1erNivel 0 y con la entrada 0
[INFO] 15:12:35:434 MEMORIA/(32050:32050): Envio el numero de tabla de 2do nivel
[INFO] 15:12:35:434 MEMORIA/(32050:32050): Me llego  la entrada de segundo nivel 0
[INFO] 15:12:35:435 MEMORIA/(32050:32050): Envio el marco correspondiente el cual es 0
[INFO] 15:12:36:436 MEMORIA/(32050:32050): Me llego el marco 0 con desplazamiento 0
[INFO] 15:12:36:474 MEMORIA/(32050:32050): -------------------WRITE-------------------
[INFO] 15:12:36:474 MEMORIA/(32050:32050): Me llego el valor a escribir: 12
[INFO] 15:12:36:474 MEMORIA/(32050:32050): -------------------WRITE-------------------

[ERROR] 15:12:36:477 MEMORIA/(32050:32050): Se desconecto el cliente. Terminando conexion
[INFO] 15:12:36:477 MEMORIA/(32050:32050): Fin de memoria
[INFO] 15:13:16:674 MEMORIA/(32180:32180): Memoria lista para recibir a Cpu o Kernel
[INFO] 15:13:21:370 MEMORIA/(32180:32180): Se conecto un cliente!
[INFO] 15:13:21:371 MEMORIA/(32180:32180): Me llego el mensaje Dame el tamanio de pag y entradas por tabla
[INFO] 15:13:21:371 MEMORIA/(32180:32180): Envio el tamanio de pag y cant entradas
[INFO] 15:13:21:378 MEMORIA/(32180:32180): Me llego el nroTabla1erNivel 0 y con la entrada 0
[INFO] 15:13:21:378 MEMORIA/(32180:32180): Envio el numero de tabla de 2do nivel
[INFO] 15:13:21:378 MEMORIA/(32180:32180): Me llego  la entrada de segundo nivel 0
[INFO] 15:13:21:378 MEMORIA/(32180:32180): Envio el marco correspondiente el cual es 0
[INFO] 15:13:22:379 MEMORIA/(32180:32180): Me llego el marco 0 con desplazamiento 0
[INFO] 15:13:22:418 MEMORIA/(32180:32180): -------------------WRITE-------------------
[INFO] 15:13:22:418 MEMORIA/(32180:32180): Me llego el valor a escribir: 12
[INFO] 15:13:22:418 MEMORIA/(32180:32180): -------------------WRITE-------------------

[INFO] 15:13:22:419 MEMORIA/(32180:32180): Me llego el marco 0 con desplazamiento 0
[INFO] 15:13:22:419 MEMORIA/(32180:32180): -------------------READ-------------------
[INFO] 15:13:22:419 MEMORIA/(32180:32180): Valor leido: 12
[INFO] 15:13:22:419 MEMORIA/(32180:32180): -------------------READ-------------------

[INFO] 15:13:22:457 MEMORIA/(32180:32180): Me llego el nroTabla1erNivel 0 y con la entrada 0
[INFO] 15:13:22:458 MEMORIA/(32180:32180): Envio el numero de tabla de 2do nivel
[INFO] 15:13:22:458 MEMORIA/(32180:32180): Me llego  la entrada de segundo nivel 2
[INFO] 15:13:22:458 MEMORIA/(32180:32180): Envio el marco correspondiente el cual es 1
[INFO] 15:13:23:459 MEMORIA/(32180:32180): -------------------COPIAR-------------------
[INFO] 15:13:23:459 MEMORIA/(32180:32180): Se copio el valor 12 en la dir fisica:(marco 1 offset 4)
[INFO] 15:13:23:459 MEMORIA/(32180:32180): -------------------COPIAR-------------------

[INFO] 15:13:23:497 MEMORIA/(32180:32180): Me llego el marco 1 con desplazamiento 4
[INFO] 15:13:23:498 MEMORIA/(32180:32180): -------------------READ-------------------
[INFO] 15:13:23:498 MEMORIA/(32180:32180): Valor leido: 12
[INFO] 15:13:23:498 MEMORIA/(32180:32180): -------------------READ-------------------

[ERROR] 15:13:24:103 MEMORIA/(32180:32180): Se desconecto el cliente. Terminando conexion
[INFO] 15:13:24:104 MEMORIA/(32180:32180): Fin de memoria
[INFO] 19:05:12:873 MEMORIA/(26869:26869): Memoria lista para recibir a Cpu o Kernel
[INFO] 19:05:15:900 MEMORIA/(26869:26869): Se conecto un cliente!
[INFO] 19:05:15:902 MEMORIA/(26869:26869): Me llego el mensaje Dame el tamanio de pag y entradas por tabla
[INFO] 19:05:15:902 MEMORIA/(26869:26869): Envio el tamanio de pag y cant entradas
[INFO] 19:05:15:903 MEMORIA/(26869:26869): Me llego el nroTabla1erNivel 0 y con la entrada 0
[INFO] 19:05:15:904 MEMORIA/(26869:26869): Envio el numero de tabla de 2do nivel
[INFO] 19:05:15:904 MEMORIA/(26869:26869): Me llego  la entrada de segundo nivel 0
[INFO] 19:05:15:904 MEMORIA/(26869:26869): Envio el marco correspondiente el cual es 0
[INFO] 19:05:16:904 MEMORIA/(26869:26869): Me llego el marco 0 con desplazamiento 0
[INFO] 19:05:16:941 MEMORIA/(26869:26869): -------------------WRITE-------------------
[INFO] 19:05:16:943 MEMORIA/(26869:26869): Me llego el valor a escribir: 12
[INFO] 19:05:16:943 MEMORIA/(26869:26869): -------------------WRITE-------------------

[INFO] 19:05:16:943 MEMORIA/(26869:26869): Me llego el marco 0 con desplazamiento 0
[INFO] 19:05:16:944 MEMORIA/(26869:26869): -------------------READ-------------------
[INFO] 19:05:16:944 MEMORIA/(26869:26869): Valor leido: 12
[INFO] 19:05:16:944 MEMORIA/(26869:26869): -------------------READ-------------------

[INFO] 19:05:16:981 MEMORIA/(26869:26869): Me llego el nroTabla1erNivel 0 y con la entrada 0
[INFO] 19:05:16:982 MEMORIA/(26869:26869): Envio el numero de tabla de 2do nivel
[INFO] 19:05:16:982 MEMORIA/(26869:26869): Me llego  la entrada de segundo nivel 2
[INFO] 19:05:16:982 MEMORIA/(26869:26869): Envio el marco correspondiente el cual es 1
[INFO] 19:05:17:982 MEMORIA/(26869:26869): -------------------COPIAR-------------------
[INFO] 19:05:17:983 MEMORIA/(26869:26869): Se copio el valor 12 en la dir fisica:(marco 1 offset 4)
[INFO] 19:05:17:983 MEMORIA/(26869:26869): -------------------COPIAR-------------------

[INFO] 19:05:18:022 MEMORIA/(26869:26869): Me llego el marco 1 con desplazamiento 4
[INFO] 19:05:18:022 MEMORIA/(26869:26869): -------------------READ-------------------
[INFO] 19:05:18:022 MEMORIA/(26869:26869): Valor leido: 12
[INFO] 19:05:18:022 MEMORIA/(26869:26869): -------------------READ-------------------

[ERROR] 19:05:18:474 MEMORIA/(26869:26869): Se desconecto el cliente. Terminando conexion
[INFO] 19:05:18:474 MEMORIA/(26869:26869): Fin de memoria
[INFO] 19:05:56:396 MEMORIA/(26962:26962): Memoria lista para recibir a Cpu o Kernel
[INFO] 19:05:59:571 MEMORIA/(26962:26962): Se conecto un cliente!
[INFO] 19:05:59:571 MEMORIA/(26962:26962): Me llego el mensaje Dame el tamanio de pag y entradas por tabla
[INFO] 19:05:59:571 MEMORIA/(26962:26962): Envio el tamanio de pag y cant entradas
[INFO] 19:05:59:572 MEMORIA/(26962:26962): Me llego el nroTabla1erNivel 0 y con la entrada 0
[INFO] 19:05:59:572 MEMORIA/(26962:26962): Envio el numero de tabla de 2do nivel
[INFO] 19:05:59:573 MEMORIA/(26962:26962): Me llego  la entrada de segundo nivel 0
[INFO] 19:05:59:573 MEMORIA/(26962:26962): Envio el marco correspondiente el cual es 0
[INFO] 19:06:00:573 MEMORIA/(26962:26962): Me llego el marco 0 con desplazamiento 0
[INFO] 19:06:00:610 MEMORIA/(26962:26962): -------------------WRITE-------------------
[INFO] 19:06:00:610 MEMORIA/(26962:26962): Me llego el valor a escribir: 12
[INFO] 19:06:00:610 MEMORIA/(26962:26962): -------------------WRITE-------------------

[INFO] 19:06:00:611 MEMORIA/(26962:26962): Me llego el marco 0 con desplazamiento 0
[INFO] 19:06:00:611 MEMORIA/(26962:26962): -------------------READ-------------------
[INFO] 19:06:00:611 MEMORIA/(26962:26962): Valor leido: 12
[INFO] 19:06:00:611 MEMORIA/(26962:26962): -------------------READ-------------------

[INFO] 19:06:00:649 MEMORIA/(26962:26962): Me llego el nroTabla1erNivel 0 y con la entrada 0
[INFO] 19:06:00:650 MEMORIA/(26962:26962): Envio el numero de tabla de 2do nivel
[INFO] 19:06:00:650 MEMORIA/(26962:26962): Me llego  la entrada de segundo nivel 2
[INFO] 19:06:00:650 MEMORIA/(26962:26962): Envio el marco correspondiente el cual es 1
[INFO] 19:06:01:651 MEMORIA/(26962:26962): -------------------COPIAR-------------------
[INFO] 19:06:01:651 MEMORIA/(26962:26962): Se copio el valor 12 en la dir fisica:(marco 1 offset 4)
[INFO] 19:06:01:651 MEMORIA/(26962:26962): -------------------COPIAR-------------------

[INFO] 19:06:01:693 MEMORIA/(26962:26962): Me llego el marco 1 con desplazamiento 4
[INFO] 19:06:01:694 MEMORIA/(26962:26962): -------------------READ-------------------
[INFO] 19:06:01:694 MEMORIA/(26962:26962): Valor leido: 12
[INFO] 19:06:01:694 MEMORIA/(26962:26962): -------------------READ-------------------

[ERROR] 19:06:02:412 MEMORIA/(26962:26962): Se desconecto el cliente. Terminando conexion
[INFO] 19:06:02:412 MEMORIA/(26962:26962): Fin de memoria
[INFO] 19:06:43:264 MEMORIA/(27083:27083): Memoria lista para recibir a Cpu o Kernel
[INFO] 19:06:54:226 MEMORIA/(27083:27083): Se conecto un cliente!
[INFO] 19:06:54:227 MEMORIA/(27083:27083): Me llego el mensaje Dame el tamanio de pag y entradas por tabla
[INFO] 19:06:54:227 MEMORIA/(27083:27083): Envio el tamanio de pag y cant entradas
[INFO] 19:06:54:229 MEMORIA/(27083:27083): Me llego el nroTabla1erNivel 0 y con la entrada 0
[INFO] 19:06:54:229 MEMORIA/(27083:27083): Envio el numero de tabla de 2do nivel
[INFO] 19:06:54:229 MEMORIA/(27083:27083): Me llego  la entrada de segundo nivel 0
[INFO] 19:06:54:230 MEMORIA/(27083:27083): Envio el marco correspondiente el cual es 0
[INFO] 19:06:55:230 MEMORIA/(27083:27083): Me llego el marco 0 con desplazamiento 0
[INFO] 19:06:55:270 MEMORIA/(27083:27083): -------------------WRITE-------------------
[INFO] 19:06:55:270 MEMORIA/(27083:27083): Me llego el valor a escribir: 12
[INFO] 19:06:55:270 MEMORIA/(27083:27083): -------------------WRITE-------------------

[INFO] 19:06:55:271 MEMORIA/(27083:27083): Me llego el marco 0 con desplazamiento 0
[INFO] 19:06:55:271 MEMORIA/(27083:27083): -------------------READ-------------------
[INFO] 19:06:55:271 MEMORIA/(27083:27083): Valor leido: 12
[INFO] 19:06:55:271 MEMORIA/(27083:27083): -------------------READ-------------------

[INFO] 19:06:55:309 MEMORIA/(27083:27083): Me llego el nroTabla1erNivel 0 y con la entrada 0
[INFO] 19:06:55:310 MEMORIA/(27083:27083): Envio el numero de tabla de 2do nivel
[INFO] 19:06:55:310 MEMORIA/(27083:27083): Me llego  la entrada de segundo nivel 2
[INFO] 19:06:55:310 MEMORIA/(27083:27083): Envio el marco correspondiente el cual es 1
[INFO] 19:06:56:311 MEMORIA/(27083:27083): -------------------COPIAR-------------------
[INFO] 19:06:56:311 MEMORIA/(27083:27083): Se copio el valor 12 en la dir fisica:(marco 1 offset 4)
[INFO] 19:06:56:311 MEMORIA/(27083:27083): -------------------COPIAR-------------------

[INFO] 19:06:56:350 MEMORIA/(27083:27083): Me llego el marco 1 con desplazamiento 4
[INFO] 19:06:56:350 MEMORIA/(27083:27083): -------------------READ-------------------
[INFO] 19:06:56:350 MEMORIA/(27083:27083): Valor leido: 12
[INFO] 19:06:56:350 MEMORIA/(27083:27083): -------------------READ-------------------

[ERROR] 19:06:56:794 MEMORIA/(27083:27083): Se desconecto el cliente. Terminando conexion
[INFO] 19:06:56:795 MEMORIA/(27083:27083): Fin de memoria
[INFO] 19:07:57:135 MEMORIA/(27204:27204): Memoria lista para recibir a Cpu o Kernel
[INFO] 19:08:10:130 MEMORIA/(27204:27204): Se conecto un cliente!
[INFO] 19:08:10:130 MEMORIA/(27204:27204): Me llego el mensaje Dame el tamanio de pag y entradas por tabla
[INFO] 19:08:10:130 MEMORIA/(27204:27204): Envio el tamanio de pag y cant entradas
[INFO] 19:08:22:395 MEMORIA/(27204:27204): Me llego el nroTabla1erNivel 0 y con la entrada 0
[INFO] 19:08:22:395 MEMORIA/(27204:27204): Envio el numero de tabla de 2do nivel
[INFO] 19:08:22:396 MEMORIA/(27204:27204): Me llego  la entrada de segundo nivel 0
[INFO] 19:08:22:396 MEMORIA/(27204:27204): Envio el marco correspondiente el cual es 0
[INFO] 19:08:23:396 MEMORIA/(27204:27204): Me llego el marco 0 con desplazamiento 0
[INFO] 19:08:23:433 MEMORIA/(27204:27204): -------------------WRITE-------------------
[INFO] 19:08:23:434 MEMORIA/(27204:27204): Me llego el valor a escribir: 12
[INFO] 19:08:23:434 MEMORIA/(27204:27204): -------------------WRITE-------------------

[INFO] 19:08:28:175 MEMORIA/(27204:27204): Me llego el marco 0 con desplazamiento 0
[INFO] 19:08:28:175 MEMORIA/(27204:27204): -------------------READ-------------------
[INFO] 19:08:28:175 MEMORIA/(27204:27204): Valor leido: 12
[INFO] 19:08:28:175 MEMORIA/(27204:27204): -------------------READ-------------------

[INFO] 19:08:30:772 MEMORIA/(27204:27204): Me llego el nroTabla1erNivel 0 y con la entrada 0
[INFO] 19:08:30:772 MEMORIA/(27204:27204): Envio el numero de tabla de 2do nivel
[INFO] 19:08:30:772 MEMORIA/(27204:27204): Me llego  la entrada de segundo nivel 2
[INFO] 19:08:30:772 MEMORIA/(27204:27204): Envio el marco correspondiente el cual es 1
[INFO] 19:08:31:772 MEMORIA/(27204:27204): -------------------COPIAR-------------------
[INFO] 19:08:31:772 MEMORIA/(27204:27204): Se copio el valor 12 en la dir fisica:(marco 1 offset 4)
[INFO] 19:08:31:773 MEMORIA/(27204:27204): -------------------COPIAR-------------------

[INFO] 19:08:37:093 MEMORIA/(27204:27204): Me llego el marco 1 con desplazamiento 4
[INFO] 19:08:37:093 MEMORIA/(27204:27204): -------------------READ-------------------
[INFO] 19:08:37:094 MEMORIA/(27204:27204): Valor leido: 12
[INFO] 19:08:37:094 MEMORIA/(27204:27204): -------------------READ-------------------

[ERROR] 19:08:57:734 MEMORIA/(27204:27204): Se desconecto el cliente. Terminando conexion
[INFO] 19:08:57:734 MEMORIA/(27204:27204): Fin de memoria
[INFO] 19:11:03:660 MEMORIA/(27561:27561): Memoria lista para recibir a Cpu o Kernel
[INFO] 19:11:07:568 MEMORIA/(27561:27561): Se conecto un cliente!
[INFO] 19:11:07:570 MEMORIA/(27561:27561): Me llego el mensaje Dame el tamanio de pag y entradas por tabla
[INFO] 19:11:07:570 MEMORIA/(27561:27561): Envio el tamanio de pag y cant entradas
[INFO] 19:11:07:571 MEMORIA/(27561:27561): Me llego el nroTabla1erNivel 0 y con la entrada 0
[INFO] 19:11:07:571 MEMORIA/(27561:27561): Envio el numero de tabla de 2do nivel
[INFO] 19:11:07:573 MEMORIA/(27561:27561): Me llego  la entrada de segundo nivel 0
[INFO] 19:11:07:573 MEMORIA/(27561:27561): Envio el marco correspondiente el cual es 0
[INFO] 19:11:08:573 MEMORIA/(27561:27561): Me llego el marco 0 con desplazamiento 0
[INFO] 19:11:08:613 MEMORIA/(27561:27561): -------------------WRITE-------------------
[INFO] 19:11:08:614 MEMORIA/(27561:27561): Me llego el valor a escribir: 12
[INFO] 19:11:08:614 MEMORIA/(27561:27561): -------------------WRITE-------------------

[INFO] 19:11:08:614 MEMORIA/(27561:27561): Me llego el marco 0 con desplazamiento 0
[INFO] 19:11:08:614 MEMORIA/(27561:27561): -------------------READ-------------------
[INFO] 19:11:08:614 MEMORIA/(27561:27561): Valor leido: 12
[INFO] 19:11:08:615 MEMORIA/(27561:27561): -------------------READ-------------------

[INFO] 19:11:08:653 MEMORIA/(27561:27561): Me llego el nroTabla1erNivel 0 y con la entrada 0
[INFO] 19:11:08:654 MEMORIA/(27561:27561): Envio el numero de tabla de 2do nivel
[INFO] 19:11:08:654 MEMORIA/(27561:27561): Me llego  la entrada de segundo nivel 2
[INFO] 19:11:08:654 MEMORIA/(27561:27561): Envio el marco correspondiente el cual es 1
[INFO] 19:11:09:655 MEMORIA/(27561:27561): -------------------COPIAR-------------------
[INFO] 19:11:09:655 MEMORIA/(27561:27561): Se copio el valor 12 en la dir fisica:(marco 1 offset 4)
[INFO] 19:11:09:655 MEMORIA/(27561:27561): -------------------COPIAR-------------------

[ERROR] 19:11:10:157 MEMORIA/(27561:27561): Se desconecto el cliente. Terminando conexion
[INFO] 19:11:10:157 MEMORIA/(27561:27561): Fin de memoria
[INFO] 19:12:41:505 MEMORIA/(27753:27753): Memoria lista para recibir a Cpu o Kernel
[INFO] 19:12:44:544 MEMORIA/(27753:27753): Se conecto un cliente!
[INFO] 19:12:44:546 MEMORIA/(27753:27753): Me llego el mensaje Dame el tamanio de pag y entradas por tabla
[INFO] 19:12:44:546 MEMORIA/(27753:27753): Envio el tamanio de pag y cant entradas
[INFO] 19:12:44:547 MEMORIA/(27753:27753): Me llego el nroTabla1erNivel 0 y con la entrada 0
[INFO] 19:12:44:547 MEMORIA/(27753:27753): Envio el numero de tabla de 2do nivel
[INFO] 19:12:44:547 MEMORIA/(27753:27753): Me llego  la entrada de segundo nivel 0
[INFO] 19:12:44:547 MEMORIA/(27753:27753): Envio el marco correspondiente el cual es 0
[INFO] 19:12:45:548 MEMORIA/(27753:27753): Me llego el marco 0 con desplazamiento 0
[INFO] 19:12:45:590 MEMORIA/(27753:27753): -------------------WRITE-------------------
[INFO] 19:12:45:590 MEMORIA/(27753:27753): Me llego el valor a escribir: 12
[INFO] 19:12:45:591 MEMORIA/(27753:27753): -------------------WRITE-------------------

[INFO] 19:12:45:591 MEMORIA/(27753:27753): Me llego el marco 0 con desplazamiento 0
[INFO] 19:12:45:591 MEMORIA/(27753:27753): -------------------READ-------------------
[INFO] 19:12:45:592 MEMORIA/(27753:27753): Valor leido: 12
[INFO] 19:12:45:592 MEMORIA/(27753:27753): -------------------READ-------------------

[INFO] 19:12:45:630 MEMORIA/(27753:27753): Me llego el nroTabla1erNivel 0 y con la entrada 0
[INFO] 19:12:45:630 MEMORIA/(27753:27753): Envio el numero de tabla de 2do nivel
[INFO] 19:12:45:631 MEMORIA/(27753:27753): Me llego  la entrada de segundo nivel 2
[INFO] 19:12:45:631 MEMORIA/(27753:27753): Envio el marco correspondiente el cual es 1
[INFO] 19:12:46:631 MEMORIA/(27753:27753): -------------------COPIAR-------------------
[INFO] 19:12:46:632 MEMORIA/(27753:27753): Se copio el valor 12 en la dir fisica:(marco 1 offset 4)
[INFO] 19:12:46:632 MEMORIA/(27753:27753): -------------------COPIAR-------------------

[ERROR] 19:12:46:632 MEMORIA/(27753:27753): Se desconecto el cliente. Terminando conexion
[INFO] 19:12:46:633 MEMORIA/(27753:27753): Fin de memoria
